2025-10-17 11:59:39,715 INFO: Emit thread started [in E:\Trading\crypto-futures-dashboard\backend\src\futuresboard\scraper.py:74]
2025-10-17 11:59:39,715 INFO: Auto scrape routines starting [in E:\Trading\crypto-futures-dashboard\backend\src\futuresboard\scraper.py:78]
2025-10-17 11:59:40,845 INFO: Orders updated: 0; Positions updated: 612 (new: 0); Trades processed: 0; Time elapsed: 0:00:01.129640; Sleeps: 0 [in E:\Trading\crypto-futures-dashboard\backend\src\futuresboard\scraper.py:884]
2025-10-17 12:00:17,348 INFO: Saved 3 metrics [in E:\Trading\crypto-futures-dashboard\backend\src\futuresboard\scraper.py:428]
2025-10-17 12:00:17,348 INFO: Auto scrape routines terminated. Sleeping 15 seconds... [in E:\Trading\crypto-futures-dashboard\backend\src\futuresboard\scraper.py:80]
2025-10-17 12:00:32,349 INFO: Auto scrape routines starting [in E:\Trading\crypto-futures-dashboard\backend\src\futuresboard\scraper.py:78]
2025-10-17 12:00:33,412 INFO: Orders updated: 0; Positions updated: 612 (new: 0); Trades processed: 0; Time elapsed: 0:00:01.062889; Sleeps: 0 [in E:\Trading\crypto-futures-dashboard\backend\src\futuresboard\scraper.py:884]
2025-10-17 12:00:59,662 INFO: Saved 3 metrics [in E:\Trading\crypto-futures-dashboard\backend\src\futuresboard\scraper.py:428]
2025-10-17 12:00:59,662 INFO: Auto scrape routines terminated. Sleeping 15 seconds... [in E:\Trading\crypto-futures-dashboard\backend\src\futuresboard\scraper.py:80]
2025-10-17 12:01:14,663 INFO: Auto scrape routines starting [in E:\Trading\crypto-futures-dashboard\backend\src\futuresboard\scraper.py:78]
2025-10-17 12:01:15,658 INFO: Orders updated: 0; Positions updated: 612 (new: 0); Trades processed: 0; Time elapsed: 0:00:00.995509; Sleeps: 0 [in E:\Trading\crypto-futures-dashboard\backend\src\futuresboard\scraper.py:884]
2025-10-17 12:01:36,953 INFO: Saved 3 metrics [in E:\Trading\crypto-futures-dashboard\backend\src\futuresboard\scraper.py:428]
2025-10-17 12:01:36,954 INFO: Auto scrape routines terminated. Sleeping 15 seconds... [in E:\Trading\crypto-futures-dashboard\backend\src\futuresboard\scraper.py:80]
2025-10-17 12:01:51,954 INFO: Auto scrape routines starting [in E:\Trading\crypto-futures-dashboard\backend\src\futuresboard\scraper.py:78]
2025-10-17 12:01:53,082 INFO: Orders updated: 0; Positions updated: 612 (new: 0); Trades processed: 0; Time elapsed: 0:00:01.127407; Sleeps: 0 [in E:\Trading\crypto-futures-dashboard\backend\src\futuresboard\scraper.py:884]
2025-10-17 12:02:27,894 INFO: Saved 3 metrics [in E:\Trading\crypto-futures-dashboard\backend\src\futuresboard\scraper.py:428]
2025-10-17 12:02:27,894 INFO: Auto scrape routines terminated. Sleeping 15 seconds... [in E:\Trading\crypto-futures-dashboard\backend\src\futuresboard\scraper.py:80]
2025-10-17 12:02:42,895 INFO: Auto scrape routines starting [in E:\Trading\crypto-futures-dashboard\backend\src\futuresboard\scraper.py:78]
2025-10-17 12:02:43,944 INFO: Orders updated: 0; Positions updated: 612 (new: 0); Trades processed: 0; Time elapsed: 0:00:01.049504; Sleeps: 0 [in E:\Trading\crypto-futures-dashboard\backend\src\futuresboard\scraper.py:884]
2025-10-17 12:03:05,341 INFO: Saved 3 metrics [in E:\Trading\crypto-futures-dashboard\backend\src\futuresboard\scraper.py:428]
2025-10-17 12:03:05,341 INFO: Auto scrape routines terminated. Sleeping 15 seconds... [in E:\Trading\crypto-futures-dashboard\backend\src\futuresboard\scraper.py:80]
2025-10-17 12:03:20,341 INFO: Auto scrape routines starting [in E:\Trading\crypto-futures-dashboard\backend\src\futuresboard\scraper.py:78]
2025-10-17 12:03:21,447 INFO: Orders updated: 0; Positions updated: 612 (new: 0); Trades processed: 0; Time elapsed: 0:00:01.105730; Sleeps: 0 [in E:\Trading\crypto-futures-dashboard\backend\src\futuresboard\scraper.py:884]
2025-10-17 12:03:56,971 INFO: Saved 3 metrics [in E:\Trading\crypto-futures-dashboard\backend\src\futuresboard\scraper.py:428]
2025-10-17 12:03:56,971 INFO: Auto scrape routines terminated. Sleeping 15 seconds... [in E:\Trading\crypto-futures-dashboard\backend\src\futuresboard\scraper.py:80]
2025-10-17 12:04:11,972 INFO: Auto scrape routines starting [in E:\Trading\crypto-futures-dashboard\backend\src\futuresboard\scraper.py:78]
2025-10-17 12:04:13,057 INFO: Orders updated: 0; Positions updated: 612 (new: 0); Trades processed: 0; Time elapsed: 0:00:01.084332; Sleeps: 0 [in E:\Trading\crypto-futures-dashboard\backend\src\futuresboard\scraper.py:884]
2025-10-17 12:04:35,486 INFO: Saved 3 metrics [in E:\Trading\crypto-futures-dashboard\backend\src\futuresboard\scraper.py:428]
2025-10-17 12:04:35,487 INFO: Auto scrape routines terminated. Sleeping 15 seconds... [in E:\Trading\crypto-futures-dashboard\backend\src\futuresboard\scraper.py:80]
2025-10-17 12:04:50,487 INFO: Auto scrape routines starting [in E:\Trading\crypto-futures-dashboard\backend\src\futuresboard\scraper.py:78]
2025-10-17 12:04:51,662 INFO: Orders updated: 0; Positions updated: 612 (new: 0); Trades processed: 0; Time elapsed: 0:00:01.174545; Sleeps: 0 [in E:\Trading\crypto-futures-dashboard\backend\src\futuresboard\scraper.py:884]
2025-10-17 12:05:30,067 INFO: Saved 3 metrics [in E:\Trading\crypto-futures-dashboard\backend\src\futuresboard\scraper.py:428]
2025-10-17 12:05:30,067 INFO: Auto scrape routines terminated. Sleeping 15 seconds... [in E:\Trading\crypto-futures-dashboard\backend\src\futuresboard\scraper.py:80]
2025-10-17 12:05:45,068 INFO: Auto scrape routines starting [in E:\Trading\crypto-futures-dashboard\backend\src\futuresboard\scraper.py:78]
2025-10-17 12:05:46,136 INFO: Orders updated: 0; Positions updated: 612 (new: 0); Trades processed: 0; Time elapsed: 0:00:01.067345; Sleeps: 0 [in E:\Trading\crypto-futures-dashboard\backend\src\futuresboard\scraper.py:884]
2025-10-17 12:06:21,167 INFO: Saved 3 metrics [in E:\Trading\crypto-futures-dashboard\backend\src\futuresboard\scraper.py:428]
2025-10-17 12:06:21,167 INFO: Auto scrape routines terminated. Sleeping 15 seconds... [in E:\Trading\crypto-futures-dashboard\backend\src\futuresboard\scraper.py:80]
2025-10-17 12:06:36,168 INFO: Auto scrape routines starting [in E:\Trading\crypto-futures-dashboard\backend\src\futuresboard\scraper.py:78]
2025-10-17 12:06:37,311 INFO: Orders updated: 0; Positions updated: 612 (new: 0); Trades processed: 0; Time elapsed: 0:00:01.142691; Sleeps: 0 [in E:\Trading\crypto-futures-dashboard\backend\src\futuresboard\scraper.py:884]
2025-10-17 12:07:13,003 INFO: Saved 3 metrics [in E:\Trading\crypto-futures-dashboard\backend\src\futuresboard\scraper.py:428]
2025-10-17 12:07:13,003 INFO: Auto scrape routines terminated. Sleeping 15 seconds... [in E:\Trading\crypto-futures-dashboard\backend\src\futuresboard\scraper.py:80]
2025-10-17 12:07:28,003 INFO: Auto scrape routines starting [in E:\Trading\crypto-futures-dashboard\backend\src\futuresboard\scraper.py:78]
2025-10-17 12:07:29,068 INFO: Orders updated: 0; Positions updated: 612 (new: 0); Trades processed: 0; Time elapsed: 0:00:01.065097; Sleeps: 0 [in E:\Trading\crypto-futures-dashboard\backend\src\futuresboard\scraper.py:884]
2025-10-17 12:08:04,695 INFO: Saved 3 metrics [in E:\Trading\crypto-futures-dashboard\backend\src\futuresboard\scraper.py:428]
2025-10-17 12:08:04,695 INFO: Auto scrape routines terminated. Sleeping 15 seconds... [in E:\Trading\crypto-futures-dashboard\backend\src\futuresboard\scraper.py:80]
2025-10-17 12:08:19,696 INFO: Auto scrape routines starting [in E:\Trading\crypto-futures-dashboard\backend\src\futuresboard\scraper.py:78]
2025-10-17 12:08:20,807 INFO: Orders updated: 0; Positions updated: 612 (new: 0); Trades processed: 0; Time elapsed: 0:00:01.110520; Sleeps: 0 [in E:\Trading\crypto-futures-dashboard\backend\src\futuresboard\scraper.py:884]
2025-10-17 12:08:56,041 INFO: Saved 3 metrics [in E:\Trading\crypto-futures-dashboard\backend\src\futuresboard\scraper.py:428]
2025-10-17 12:08:56,041 INFO: Auto scrape routines terminated. Sleeping 15 seconds... [in E:\Trading\crypto-futures-dashboard\backend\src\futuresboard\scraper.py:80]
2025-10-17 12:09:11,042 INFO: Auto scrape routines starting [in E:\Trading\crypto-futures-dashboard\backend\src\futuresboard\scraper.py:78]
2025-10-17 12:09:12,110 INFO: Orders updated: 0; Positions updated: 612 (new: 0); Trades processed: 0; Time elapsed: 0:00:01.067736; Sleeps: 0 [in E:\Trading\crypto-futures-dashboard\backend\src\futuresboard\scraper.py:884]
2025-10-17 12:09:33,384 INFO: Saved 3 metrics [in E:\Trading\crypto-futures-dashboard\backend\src\futuresboard\scraper.py:428]
2025-10-17 12:09:33,384 INFO: Auto scrape routines terminated. Sleeping 15 seconds... [in E:\Trading\crypto-futures-dashboard\backend\src\futuresboard\scraper.py:80]
2025-10-17 12:34:25,915 INFO: Emit thread started [in E:\Trading\crypto-futures-dashboard\backend\src\futuresboard\scraper.py:74]
2025-10-17 12:34:25,916 INFO: Auto scrape routines starting [in E:\Trading\crypto-futures-dashboard\backend\src\futuresboard\scraper.py:78]
2025-10-17 12:34:27,019 INFO: Orders updated: 0; Positions updated: 612 (new: 0); Trades processed: 0; Time elapsed: 0:00:01.103725; Sleeps: 0 [in E:\Trading\crypto-futures-dashboard\backend\src\futuresboard\scraper.py:884]
2025-10-17 12:34:28,040 INFO: Emit thread started [in E:\Trading\crypto-futures-dashboard\backend\src\futuresboard\scraper.py:74]
2025-10-17 12:34:28,040 INFO: Auto scrape routines starting [in E:\Trading\crypto-futures-dashboard\backend\src\futuresboard\scraper.py:78]
2025-10-17 12:34:29,321 INFO: Orders updated: 0; Positions updated: 612 (new: 0); Trades processed: 0; Time elapsed: 0:00:01.281307; Sleeps: 0 [in E:\Trading\crypto-futures-dashboard\backend\src\futuresboard\scraper.py:884]
2025-10-17 17:39:58,088 INFO: Emit thread started [in E:\Trading\crypto-futures-dashboard\backend\src\futuresboard\scraper.py:74]
2025-10-17 17:39:58,088 INFO: Auto scrape routines starting [in E:\Trading\crypto-futures-dashboard\backend\src\futuresboard\scraper.py:78]
2025-10-17 17:39:59,242 INFO: Orders updated: 0; Positions updated: 613 (new: 0); Trades processed: 0; Time elapsed: 0:00:01.154337; Sleeps: 0 [in E:\Trading\crypto-futures-dashboard\backend\src\futuresboard\scraper.py:884]
2025-10-17 17:40:00,242 INFO: Emit thread started [in E:\Trading\crypto-futures-dashboard\backend\src\futuresboard\scraper.py:74]
2025-10-17 17:40:00,242 INFO: Auto scrape routines starting [in E:\Trading\crypto-futures-dashboard\backend\src\futuresboard\scraper.py:78]
2025-10-17 17:40:01,349 INFO: Orders updated: 0; Positions updated: 613 (new: 0); Trades processed: 0; Time elapsed: 0:00:01.107162; Sleeps: 0 [in E:\Trading\crypto-futures-dashboard\backend\src\futuresboard\scraper.py:884]
2025-10-17 17:40:22,491 INFO: Saved 3 metrics [in E:\Trading\crypto-futures-dashboard\backend\src\futuresboard\scraper.py:428]
2025-10-17 17:40:22,491 INFO: Auto scrape routines terminated. Sleeping 15 seconds... [in E:\Trading\crypto-futures-dashboard\backend\src\futuresboard\scraper.py:80]
2025-10-17 17:40:37,492 INFO: Auto scrape routines starting [in E:\Trading\crypto-futures-dashboard\backend\src\futuresboard\scraper.py:78]
2025-10-17 17:40:38,429 INFO: Saved 3 metrics [in E:\Trading\crypto-futures-dashboard\backend\src\futuresboard\scraper.py:428]
2025-10-17 17:40:38,429 INFO: Auto scrape routines terminated. Sleeping 15 seconds... [in E:\Trading\crypto-futures-dashboard\backend\src\futuresboard\scraper.py:80]
2025-10-17 17:40:38,612 INFO: Orders updated: 0; Positions updated: 613 (new: 0); Trades processed: 0; Time elapsed: 0:00:01.119912; Sleeps: 0 [in E:\Trading\crypto-futures-dashboard\backend\src\futuresboard\scraper.py:884]
2025-10-17 17:40:53,429 INFO: Auto scrape routines starting [in E:\Trading\crypto-futures-dashboard\backend\src\futuresboard\scraper.py:78]
2025-10-17 17:40:54,457 INFO: Orders updated: 0; Positions updated: 613 (new: 0); Trades processed: 0; Time elapsed: 0:00:01.027584; Sleeps: 0 [in E:\Trading\crypto-futures-dashboard\backend\src\futuresboard\scraper.py:884]
2025-10-17 17:41:16,550 INFO: Saved 3 metrics [in E:\Trading\crypto-futures-dashboard\backend\src\futuresboard\scraper.py:428]
2025-10-17 17:41:16,550 INFO: Auto scrape routines terminated. Sleeping 15 seconds... [in E:\Trading\crypto-futures-dashboard\backend\src\futuresboard\scraper.py:80]
2025-10-17 17:41:31,551 INFO: Auto scrape routines starting [in E:\Trading\crypto-futures-dashboard\backend\src\futuresboard\scraper.py:78]
2025-10-17 17:41:32,772 INFO: Orders updated: 0; Positions updated: 613 (new: 0); Trades processed: 0; Time elapsed: 0:00:01.221349; Sleeps: 0 [in E:\Trading\crypto-futures-dashboard\backend\src\futuresboard\scraper.py:884]
2025-10-17 17:41:36,651 INFO: Saved 3 metrics [in E:\Trading\crypto-futures-dashboard\backend\src\futuresboard\scraper.py:428]
2025-10-17 17:41:36,651 INFO: Auto scrape routines terminated. Sleeping 15 seconds... [in E:\Trading\crypto-futures-dashboard\backend\src\futuresboard\scraper.py:80]
2025-10-17 17:42:38,677 INFO: Emit thread started [in E:\Trading\crypto-futures-dashboard\backend\src\futuresboard\scraper.py:74]
2025-10-17 17:42:38,677 INFO: Auto scrape routines starting [in E:\Trading\crypto-futures-dashboard\backend\src\futuresboard\scraper.py:78]
2025-10-17 17:42:39,777 INFO: Orders updated: 0; Positions updated: 613 (new: 0); Trades processed: 0; Time elapsed: 0:00:01.100160; Sleeps: 0 [in E:\Trading\crypto-futures-dashboard\backend\src\futuresboard\scraper.py:884]
2025-10-17 17:42:40,886 INFO: Emit thread started [in E:\Trading\crypto-futures-dashboard\backend\src\futuresboard\scraper.py:74]
2025-10-17 17:42:40,886 INFO: Auto scrape routines starting [in E:\Trading\crypto-futures-dashboard\backend\src\futuresboard\scraper.py:78]
2025-10-17 17:42:42,015 INFO: Orders updated: 0; Positions updated: 613 (new: 0); Trades processed: 0; Time elapsed: 0:00:01.128791; Sleeps: 0 [in E:\Trading\crypto-futures-dashboard\backend\src\futuresboard\scraper.py:884]
2025-10-17 17:43:02,414 INFO: Saved 3 metrics [in E:\Trading\crypto-futures-dashboard\backend\src\futuresboard\scraper.py:428]
2025-10-17 17:43:02,414 INFO: Auto scrape routines terminated. Sleeping 15 seconds... [in E:\Trading\crypto-futures-dashboard\backend\src\futuresboard\scraper.py:80]
2025-10-17 17:43:04,244 INFO: Saved 3 metrics [in E:\Trading\crypto-futures-dashboard\backend\src\futuresboard\scraper.py:428]
2025-10-17 17:43:04,244 INFO: Auto scrape routines terminated. Sleeping 15 seconds... [in E:\Trading\crypto-futures-dashboard\backend\src\futuresboard\scraper.py:80]
2025-10-17 17:43:17,414 INFO: Auto scrape routines starting [in E:\Trading\crypto-futures-dashboard\backend\src\futuresboard\scraper.py:78]
2025-10-17 17:43:18,520 INFO: Orders updated: 0; Positions updated: 613 (new: 0); Trades processed: 0; Time elapsed: 0:00:01.105506; Sleeps: 0 [in E:\Trading\crypto-futures-dashboard\backend\src\futuresboard\scraper.py:884]
2025-10-17 17:43:19,245 INFO: Auto scrape routines starting [in E:\Trading\crypto-futures-dashboard\backend\src\futuresboard\scraper.py:78]
2025-10-17 17:43:20,327 INFO: Orders updated: 0; Positions updated: 613 (new: 0); Trades processed: 0; Time elapsed: 0:00:01.081854; Sleeps: 0 [in E:\Trading\crypto-futures-dashboard\backend\src\futuresboard\scraper.py:884]
2025-10-17 17:43:56,702 INFO: Saved 3 metrics [in E:\Trading\crypto-futures-dashboard\backend\src\futuresboard\scraper.py:428]
2025-10-17 17:43:56,702 INFO: Auto scrape routines terminated. Sleeping 15 seconds... [in E:\Trading\crypto-futures-dashboard\backend\src\futuresboard\scraper.py:80]
2025-10-17 17:44:00,415 INFO: Saved 3 metrics [in E:\Trading\crypto-futures-dashboard\backend\src\futuresboard\scraper.py:428]
2025-10-17 17:44:00,415 INFO: Auto scrape routines terminated. Sleeping 15 seconds... [in E:\Trading\crypto-futures-dashboard\backend\src\futuresboard\scraper.py:80]
2025-10-17 17:44:11,703 INFO: Auto scrape routines starting [in E:\Trading\crypto-futures-dashboard\backend\src\futuresboard\scraper.py:78]
2025-10-17 17:44:12,894 INFO: Orders updated: 0; Positions updated: 613 (new: 0); Trades processed: 0; Time elapsed: 0:00:01.191152; Sleeps: 0 [in E:\Trading\crypto-futures-dashboard\backend\src\futuresboard\scraper.py:884]
2025-10-17 17:44:15,416 INFO: Auto scrape routines starting [in E:\Trading\crypto-futures-dashboard\backend\src\futuresboard\scraper.py:78]
2025-10-17 17:44:16,547 INFO: Orders updated: 0; Positions updated: 613 (new: 0); Trades processed: 0; Time elapsed: 0:00:01.131288; Sleeps: 0 [in E:\Trading\crypto-futures-dashboard\backend\src\futuresboard\scraper.py:884]
2025-10-17 18:43:34,532 INFO: Emit thread started [in E:\Trading\crypto-futures-dashboard\backend\src\futuresboard\scraper.py:74]
2025-10-17 18:43:34,532 INFO: Auto scrape routines starting [in E:\Trading\crypto-futures-dashboard\backend\src\futuresboard\scraper.py:78]
2025-10-17 18:43:35,608 INFO: Orders updated: 0; Positions updated: 613 (new: 0); Trades processed: 0; Time elapsed: 0:00:01.076667; Sleeps: 0 [in E:\Trading\crypto-futures-dashboard\backend\src\futuresboard\scraper.py:884]
2025-10-17 18:43:36,728 INFO: Emit thread started [in E:\Trading\crypto-futures-dashboard\backend\src\futuresboard\scraper.py:74]
2025-10-17 18:43:36,728 INFO: Auto scrape routines starting [in E:\Trading\crypto-futures-dashboard\backend\src\futuresboard\scraper.py:78]
2025-10-17 18:43:37,788 INFO: Orders updated: 0; Positions updated: 613 (new: 0); Trades processed: 0; Time elapsed: 0:00:01.059814; Sleeps: 0 [in E:\Trading\crypto-futures-dashboard\backend\src\futuresboard\scraper.py:884]
2025-10-17 18:43:57,796 INFO: Saved 3 metrics [in E:\Trading\crypto-futures-dashboard\backend\src\futuresboard\scraper.py:428]
2025-10-17 18:43:57,797 INFO: Auto scrape routines terminated. Sleeping 15 seconds... [in E:\Trading\crypto-futures-dashboard\backend\src\futuresboard\scraper.py:80]
2025-10-17 18:44:00,074 INFO: Saved 3 metrics [in E:\Trading\crypto-futures-dashboard\backend\src\futuresboard\scraper.py:428]
2025-10-17 18:44:00,074 INFO: Auto scrape routines terminated. Sleeping 15 seconds... [in E:\Trading\crypto-futures-dashboard\backend\src\futuresboard\scraper.py:80]
2025-10-17 18:44:12,797 INFO: Auto scrape routines starting [in E:\Trading\crypto-futures-dashboard\backend\src\futuresboard\scraper.py:78]
2025-10-17 18:44:13,983 INFO: Orders updated: 0; Positions updated: 613 (new: 0); Trades processed: 0; Time elapsed: 0:00:01.185826; Sleeps: 0 [in E:\Trading\crypto-futures-dashboard\backend\src\futuresboard\scraper.py:884]
2025-10-17 18:44:15,074 INFO: Auto scrape routines starting [in E:\Trading\crypto-futures-dashboard\backend\src\futuresboard\scraper.py:78]
2025-10-17 18:44:16,441 INFO: Orders updated: 0; Positions updated: 613 (new: 0); Trades processed: 0; Time elapsed: 0:00:01.366192; Sleeps: 0 [in E:\Trading\crypto-futures-dashboard\backend\src\futuresboard\scraper.py:884]
2025-10-17 18:44:49,992 INFO: Saved 3 metrics [in E:\Trading\crypto-futures-dashboard\backend\src\futuresboard\scraper.py:428]
2025-10-17 18:44:49,992 INFO: Auto scrape routines terminated. Sleeping 15 seconds... [in E:\Trading\crypto-futures-dashboard\backend\src\futuresboard\scraper.py:80]
2025-10-17 18:44:52,291 INFO: Saved 3 metrics [in E:\Trading\crypto-futures-dashboard\backend\src\futuresboard\scraper.py:428]
2025-10-17 18:44:52,292 INFO: Auto scrape routines terminated. Sleeping 15 seconds... [in E:\Trading\crypto-futures-dashboard\backend\src\futuresboard\scraper.py:80]
2025-10-17 18:45:04,993 INFO: Auto scrape routines starting [in E:\Trading\crypto-futures-dashboard\backend\src\futuresboard\scraper.py:78]
2025-10-17 18:45:06,095 INFO: Orders updated: 0; Positions updated: 613 (new: 0); Trades processed: 0; Time elapsed: 0:00:01.102561; Sleeps: 0 [in E:\Trading\crypto-futures-dashboard\backend\src\futuresboard\scraper.py:884]
2025-10-17 18:45:07,293 INFO: Auto scrape routines starting [in E:\Trading\crypto-futures-dashboard\backend\src\futuresboard\scraper.py:78]
2025-10-17 18:45:08,510 INFO: Orders updated: 0; Positions updated: 613 (new: 0); Trades processed: 0; Time elapsed: 0:00:01.217502; Sleeps: 0 [in E:\Trading\crypto-futures-dashboard\backend\src\futuresboard\scraper.py:884]
2025-10-17 18:45:28,735 INFO: Saved 3 metrics [in E:\Trading\crypto-futures-dashboard\backend\src\futuresboard\scraper.py:428]
2025-10-17 18:45:28,735 INFO: Auto scrape routines terminated. Sleeping 15 seconds... [in E:\Trading\crypto-futures-dashboard\backend\src\futuresboard\scraper.py:80]
2025-10-17 18:45:30,624 INFO: Saved 3 metrics [in E:\Trading\crypto-futures-dashboard\backend\src\futuresboard\scraper.py:428]
2025-10-17 18:45:30,625 INFO: Auto scrape routines terminated. Sleeping 15 seconds... [in E:\Trading\crypto-futures-dashboard\backend\src\futuresboard\scraper.py:80]
2025-10-17 18:45:43,735 INFO: Auto scrape routines starting [in E:\Trading\crypto-futures-dashboard\backend\src\futuresboard\scraper.py:78]
2025-10-17 18:45:44,814 INFO: Orders updated: 0; Positions updated: 613 (new: 0); Trades processed: 0; Time elapsed: 0:00:01.078159; Sleeps: 0 [in E:\Trading\crypto-futures-dashboard\backend\src\futuresboard\scraper.py:884]
2025-10-17 18:45:45,625 INFO: Auto scrape routines starting [in E:\Trading\crypto-futures-dashboard\backend\src\futuresboard\scraper.py:78]
2025-10-17 18:45:46,805 INFO: Orders updated: 0; Positions updated: 613 (new: 0); Trades processed: 0; Time elapsed: 0:00:01.180368; Sleeps: 0 [in E:\Trading\crypto-futures-dashboard\backend\src\futuresboard\scraper.py:884]
2025-10-17 18:46:21,503 INFO: Saved 3 metrics [in E:\Trading\crypto-futures-dashboard\backend\src\futuresboard\scraper.py:428]
2025-10-17 18:46:21,503 INFO: Auto scrape routines terminated. Sleeping 15 seconds... [in E:\Trading\crypto-futures-dashboard\backend\src\futuresboard\scraper.py:80]
2025-10-17 18:46:23,476 INFO: Saved 3 metrics [in E:\Trading\crypto-futures-dashboard\backend\src\futuresboard\scraper.py:428]
2025-10-17 18:46:23,476 INFO: Auto scrape routines terminated. Sleeping 15 seconds... [in E:\Trading\crypto-futures-dashboard\backend\src\futuresboard\scraper.py:80]
2025-10-17 18:49:52,513 INFO: Emit thread started [in E:\Trading\crypto-futures-dashboard\backend\src\futuresboard\scraper.py:74]
2025-10-17 18:49:52,513 INFO: Auto scrape routines starting [in E:\Trading\crypto-futures-dashboard\backend\src\futuresboard\scraper.py:78]
2025-10-17 18:49:53,568 INFO: Orders updated: 0; Positions updated: 613 (new: 0); Trades processed: 0; Time elapsed: 0:00:01.054530; Sleeps: 0 [in E:\Trading\crypto-futures-dashboard\backend\src\futuresboard\scraper.py:884]
2025-10-17 18:49:54,746 INFO: Emit thread started [in E:\Trading\crypto-futures-dashboard\backend\src\futuresboard\scraper.py:74]
2025-10-17 18:49:54,746 INFO: Auto scrape routines starting [in E:\Trading\crypto-futures-dashboard\backend\src\futuresboard\scraper.py:78]
2025-10-17 18:49:55,930 INFO: Orders updated: 0; Positions updated: 613 (new: 0); Trades processed: 0; Time elapsed: 0:00:01.183436; Sleeps: 0 [in E:\Trading\crypto-futures-dashboard\backend\src\futuresboard\scraper.py:884]
2025-10-17 18:50:16,577 INFO: Saved 3 metrics [in E:\Trading\crypto-futures-dashboard\backend\src\futuresboard\scraper.py:428]
2025-10-17 18:50:16,577 INFO: Auto scrape routines terminated. Sleeping 15 seconds... [in E:\Trading\crypto-futures-dashboard\backend\src\futuresboard\scraper.py:80]
2025-10-17 18:50:18,933 INFO: Saved 3 metrics [in E:\Trading\crypto-futures-dashboard\backend\src\futuresboard\scraper.py:428]
2025-10-17 18:50:18,933 INFO: Auto scrape routines terminated. Sleeping 15 seconds... [in E:\Trading\crypto-futures-dashboard\backend\src\futuresboard\scraper.py:80]
2025-10-17 19:02:09,120 INFO: Emit thread started [in E:\Trading\crypto-futures-dashboard\backend\src\futuresboard\scraper.py:74]
2025-10-17 19:02:09,121 INFO: Auto scrape routines starting [in E:\Trading\crypto-futures-dashboard\backend\src\futuresboard\scraper.py:78]
2025-10-17 19:02:10,236 INFO: Orders updated: 0; Positions updated: 613 (new: 0); Trades processed: 0; Time elapsed: 0:00:01.115154; Sleeps: 0 [in E:\Trading\crypto-futures-dashboard\backend\src\futuresboard\scraper.py:884]
2025-10-17 19:02:11,413 INFO: Emit thread started [in E:\Trading\crypto-futures-dashboard\backend\src\futuresboard\scraper.py:74]
2025-10-17 19:02:11,413 INFO: Auto scrape routines starting [in E:\Trading\crypto-futures-dashboard\backend\src\futuresboard\scraper.py:78]
2025-10-17 19:02:12,538 INFO: Orders updated: 0; Positions updated: 613 (new: 0); Trades processed: 0; Time elapsed: 0:00:01.125049; Sleeps: 0 [in E:\Trading\crypto-futures-dashboard\backend\src\futuresboard\scraper.py:884]
2025-10-17 19:02:35,011 INFO: Saved 3 metrics [in E:\Trading\crypto-futures-dashboard\backend\src\futuresboard\scraper.py:428]
2025-10-17 19:02:35,011 INFO: Auto scrape routines terminated. Sleeping 15 seconds... [in E:\Trading\crypto-futures-dashboard\backend\src\futuresboard\scraper.py:80]
2025-10-17 19:02:37,211 INFO: Saved 3 metrics [in E:\Trading\crypto-futures-dashboard\backend\src\futuresboard\scraper.py:428]
2025-10-17 19:02:37,211 INFO: Auto scrape routines terminated. Sleeping 15 seconds... [in E:\Trading\crypto-futures-dashboard\backend\src\futuresboard\scraper.py:80]
2025-10-17 19:02:50,012 INFO: Auto scrape routines starting [in E:\Trading\crypto-futures-dashboard\backend\src\futuresboard\scraper.py:78]
2025-10-17 19:02:51,101 INFO: Orders updated: 0; Positions updated: 613 (new: 0); Trades processed: 0; Time elapsed: 0:00:01.089529; Sleeps: 0 [in E:\Trading\crypto-futures-dashboard\backend\src\futuresboard\scraper.py:884]
2025-10-17 19:02:52,211 INFO: Auto scrape routines starting [in E:\Trading\crypto-futures-dashboard\backend\src\futuresboard\scraper.py:78]
2025-10-17 19:02:53,270 INFO: Orders updated: 0; Positions updated: 613 (new: 0); Trades processed: 0; Time elapsed: 0:00:01.058907; Sleeps: 0 [in E:\Trading\crypto-futures-dashboard\backend\src\futuresboard\scraper.py:884]
2025-10-17 19:03:26,402 INFO: Saved 3 metrics [in E:\Trading\crypto-futures-dashboard\backend\src\futuresboard\scraper.py:428]
2025-10-17 19:03:26,402 INFO: Auto scrape routines terminated. Sleeping 15 seconds... [in E:\Trading\crypto-futures-dashboard\backend\src\futuresboard\scraper.py:80]
2025-10-17 19:03:31,611 INFO: Saved 3 metrics [in E:\Trading\crypto-futures-dashboard\backend\src\futuresboard\scraper.py:428]
2025-10-17 19:03:31,611 INFO: Auto scrape routines terminated. Sleeping 15 seconds... [in E:\Trading\crypto-futures-dashboard\backend\src\futuresboard\scraper.py:80]
2025-10-17 19:03:41,403 INFO: Auto scrape routines starting [in E:\Trading\crypto-futures-dashboard\backend\src\futuresboard\scraper.py:78]
2025-10-17 19:03:42,714 INFO: Orders updated: 0; Positions updated: 613 (new: 0); Trades processed: 0; Time elapsed: 0:00:01.311239; Sleeps: 0 [in E:\Trading\crypto-futures-dashboard\backend\src\futuresboard\scraper.py:884]
2025-10-17 19:03:46,612 INFO: Auto scrape routines starting [in E:\Trading\crypto-futures-dashboard\backend\src\futuresboard\scraper.py:78]
2025-10-17 19:03:47,759 INFO: Orders updated: 0; Positions updated: 613 (new: 0); Trades processed: 0; Time elapsed: 0:00:01.146851; Sleeps: 0 [in E:\Trading\crypto-futures-dashboard\backend\src\futuresboard\scraper.py:884]
2025-10-17 19:04:05,917 INFO: Saved 3 metrics [in E:\Trading\crypto-futures-dashboard\backend\src\futuresboard\scraper.py:428]
2025-10-17 19:04:05,917 INFO: Auto scrape routines terminated. Sleeping 15 seconds... [in E:\Trading\crypto-futures-dashboard\backend\src\futuresboard\scraper.py:80]
2025-10-17 19:04:20,918 INFO: Auto scrape routines starting [in E:\Trading\crypto-futures-dashboard\backend\src\futuresboard\scraper.py:78]
2025-10-17 19:04:22,036 INFO: Orders updated: 0; Positions updated: 613 (new: 0); Trades processed: 0; Time elapsed: 0:00:01.117721; Sleeps: 0 [in E:\Trading\crypto-futures-dashboard\backend\src\futuresboard\scraper.py:884]
2025-10-17 19:04:24,198 INFO: Saved 3 metrics [in E:\Trading\crypto-futures-dashboard\backend\src\futuresboard\scraper.py:428]
2025-10-17 19:04:24,198 INFO: Auto scrape routines terminated. Sleeping 15 seconds... [in E:\Trading\crypto-futures-dashboard\backend\src\futuresboard\scraper.py:80]
2025-10-17 19:04:39,199 INFO: Auto scrape routines starting [in E:\Trading\crypto-futures-dashboard\backend\src\futuresboard\scraper.py:78]
2025-10-17 19:04:40,342 INFO: Orders updated: 0; Positions updated: 613 (new: 0); Trades processed: 0; Time elapsed: 0:00:01.142529; Sleeps: 0 [in E:\Trading\crypto-futures-dashboard\backend\src\futuresboard\scraper.py:884]
2025-10-17 19:04:57,501 INFO: Saved 3 metrics [in E:\Trading\crypto-futures-dashboard\backend\src\futuresboard\scraper.py:428]
2025-10-17 19:04:57,501 INFO: Auto scrape routines terminated. Sleeping 15 seconds... [in E:\Trading\crypto-futures-dashboard\backend\src\futuresboard\scraper.py:80]
2025-10-17 19:05:12,501 INFO: Auto scrape routines starting [in E:\Trading\crypto-futures-dashboard\backend\src\futuresboard\scraper.py:78]
2025-10-17 19:05:14,009 INFO: Orders updated: 0; Positions updated: 613 (new: 0); Trades processed: 0; Time elapsed: 0:00:01.506997; Sleeps: 0 [in E:\Trading\crypto-futures-dashboard\backend\src\futuresboard\scraper.py:884]
2025-10-17 19:05:17,637 INFO: Saved 3 metrics [in E:\Trading\crypto-futures-dashboard\backend\src\futuresboard\scraper.py:428]
2025-10-17 19:05:17,637 INFO: Auto scrape routines terminated. Sleeping 15 seconds... [in E:\Trading\crypto-futures-dashboard\backend\src\futuresboard\scraper.py:80]
2025-10-17 19:05:32,638 INFO: Auto scrape routines starting [in E:\Trading\crypto-futures-dashboard\backend\src\futuresboard\scraper.py:78]
2025-10-17 19:05:33,750 INFO: Orders updated: 0; Positions updated: 613 (new: 0); Trades processed: 0; Time elapsed: 0:00:01.112023; Sleeps: 0 [in E:\Trading\crypto-futures-dashboard\backend\src\futuresboard\scraper.py:884]
2025-10-17 19:05:35,855 INFO: Saved 3 metrics [in E:\Trading\crypto-futures-dashboard\backend\src\futuresboard\scraper.py:428]
2025-10-17 19:05:35,855 INFO: Auto scrape routines terminated. Sleeping 15 seconds... [in E:\Trading\crypto-futures-dashboard\backend\src\futuresboard\scraper.py:80]
2025-10-17 19:05:50,855 INFO: Auto scrape routines starting [in E:\Trading\crypto-futures-dashboard\backend\src\futuresboard\scraper.py:78]
2025-10-17 19:05:52,048 INFO: Orders updated: 0; Positions updated: 613 (new: 0); Trades processed: 0; Time elapsed: 0:00:01.193186; Sleeps: 0 [in E:\Trading\crypto-futures-dashboard\backend\src\futuresboard\scraper.py:884]
2025-10-17 19:05:55,194 INFO: Saved 3 metrics [in E:\Trading\crypto-futures-dashboard\backend\src\futuresboard\scraper.py:428]
2025-10-17 19:05:55,195 INFO: Auto scrape routines terminated. Sleeping 15 seconds... [in E:\Trading\crypto-futures-dashboard\backend\src\futuresboard\scraper.py:80]
2025-10-17 19:06:10,196 INFO: Auto scrape routines starting [in E:\Trading\crypto-futures-dashboard\backend\src\futuresboard\scraper.py:78]
2025-10-17 19:06:11,335 INFO: Orders updated: 0; Positions updated: 613 (new: 0); Trades processed: 0; Time elapsed: 0:00:01.138535; Sleeps: 0 [in E:\Trading\crypto-futures-dashboard\backend\src\futuresboard\scraper.py:884]
2025-10-17 19:06:27,549 INFO: Saved 3 metrics [in E:\Trading\crypto-futures-dashboard\backend\src\futuresboard\scraper.py:428]
2025-10-17 19:06:27,549 INFO: Auto scrape routines terminated. Sleeping 15 seconds... [in E:\Trading\crypto-futures-dashboard\backend\src\futuresboard\scraper.py:80]
2025-10-17 19:06:42,549 INFO: Auto scrape routines starting [in E:\Trading\crypto-futures-dashboard\backend\src\futuresboard\scraper.py:78]
2025-10-17 19:06:43,701 INFO: Orders updated: 0; Positions updated: 613 (new: 0); Trades processed: 0; Time elapsed: 0:00:01.151912; Sleeps: 0 [in E:\Trading\crypto-futures-dashboard\backend\src\futuresboard\scraper.py:884]
2025-10-17 19:06:46,692 INFO: Saved 3 metrics [in E:\Trading\crypto-futures-dashboard\backend\src\futuresboard\scraper.py:428]
2025-10-17 19:06:46,692 INFO: Auto scrape routines terminated. Sleeping 15 seconds... [in E:\Trading\crypto-futures-dashboard\backend\src\futuresboard\scraper.py:80]
2025-10-17 19:07:01,692 INFO: Auto scrape routines starting [in E:\Trading\crypto-futures-dashboard\backend\src\futuresboard\scraper.py:78]
2025-10-17 19:07:02,968 INFO: Orders updated: 0; Positions updated: 613 (new: 0); Trades processed: 0; Time elapsed: 0:00:01.275058; Sleeps: 0 [in E:\Trading\crypto-futures-dashboard\backend\src\futuresboard\scraper.py:884]
2025-10-17 19:07:20,051 INFO: Saved 3 metrics [in E:\Trading\crypto-futures-dashboard\backend\src\futuresboard\scraper.py:428]
2025-10-17 19:07:20,051 INFO: Auto scrape routines terminated. Sleeping 15 seconds... [in E:\Trading\crypto-futures-dashboard\backend\src\futuresboard\scraper.py:80]
2025-10-17 19:07:25,947 INFO: Saved 3 metrics [in E:\Trading\crypto-futures-dashboard\backend\src\futuresboard\scraper.py:428]
2025-10-17 19:07:25,947 INFO: Auto scrape routines terminated. Sleeping 15 seconds... [in E:\Trading\crypto-futures-dashboard\backend\src\futuresboard\scraper.py:80]
2025-10-17 19:07:35,052 INFO: Auto scrape routines starting [in E:\Trading\crypto-futures-dashboard\backend\src\futuresboard\scraper.py:78]
2025-10-17 19:07:36,132 INFO: Orders updated: 0; Positions updated: 613 (new: 0); Trades processed: 0; Time elapsed: 0:00:01.079394; Sleeps: 0 [in E:\Trading\crypto-futures-dashboard\backend\src\futuresboard\scraper.py:884]
2025-10-17 19:07:40,948 INFO: Auto scrape routines starting [in E:\Trading\crypto-futures-dashboard\backend\src\futuresboard\scraper.py:78]
2025-10-17 19:07:41,993 INFO: Orders updated: 0; Positions updated: 613 (new: 0); Trades processed: 0; Time elapsed: 0:00:01.044670; Sleeps: 0 [in E:\Trading\crypto-futures-dashboard\backend\src\futuresboard\scraper.py:884]
2025-10-17 19:07:56,976 INFO: Saved 3 metrics [in E:\Trading\crypto-futures-dashboard\backend\src\futuresboard\scraper.py:428]
2025-10-17 19:07:56,976 INFO: Auto scrape routines terminated. Sleeping 15 seconds... [in E:\Trading\crypto-futures-dashboard\backend\src\futuresboard\scraper.py:80]
2025-10-17 19:08:11,977 INFO: Auto scrape routines starting [in E:\Trading\crypto-futures-dashboard\backend\src\futuresboard\scraper.py:78]
2025-10-17 19:08:13,179 INFO: Orders updated: 0; Positions updated: 613 (new: 0); Trades processed: 0; Time elapsed: 0:00:01.202322; Sleeps: 0 [in E:\Trading\crypto-futures-dashboard\backend\src\futuresboard\scraper.py:884]
2025-10-17 19:08:16,801 INFO: Saved 3 metrics [in E:\Trading\crypto-futures-dashboard\backend\src\futuresboard\scraper.py:428]
2025-10-17 19:08:16,801 INFO: Auto scrape routines terminated. Sleeping 15 seconds... [in E:\Trading\crypto-futures-dashboard\backend\src\futuresboard\scraper.py:80]
2025-10-17 19:08:42,265 INFO: Emit thread started [in E:\Trading\crypto-futures-dashboard\backend\src\futuresboard\scraper.py:74]
2025-10-17 19:08:42,265 INFO: Auto scrape routines starting [in E:\Trading\crypto-futures-dashboard\backend\src\futuresboard\scraper.py:78]
2025-10-17 19:08:43,337 INFO: Orders updated: 0; Positions updated: 613 (new: 0); Trades processed: 0; Time elapsed: 0:00:01.071364; Sleeps: 0 [in E:\Trading\crypto-futures-dashboard\backend\src\futuresboard\scraper.py:884]
2025-10-17 19:08:44,471 INFO: Emit thread started [in E:\Trading\crypto-futures-dashboard\backend\src\futuresboard\scraper.py:74]
2025-10-17 19:08:44,471 INFO: Auto scrape routines starting [in E:\Trading\crypto-futures-dashboard\backend\src\futuresboard\scraper.py:78]
2025-10-17 19:08:45,522 INFO: Orders updated: 0; Positions updated: 613 (new: 0); Trades processed: 0; Time elapsed: 0:00:01.051235; Sleeps: 0 [in E:\Trading\crypto-futures-dashboard\backend\src\futuresboard\scraper.py:884]
2025-10-17 19:09:06,831 INFO: Saved 3 metrics [in E:\Trading\crypto-futures-dashboard\backend\src\futuresboard\scraper.py:428]
2025-10-17 19:09:06,831 INFO: Auto scrape routines terminated. Sleeping 15 seconds... [in E:\Trading\crypto-futures-dashboard\backend\src\futuresboard\scraper.py:80]
2025-10-17 19:09:21,832 INFO: Auto scrape routines starting [in E:\Trading\crypto-futures-dashboard\backend\src\futuresboard\scraper.py:78]
2025-10-17 19:09:23,012 INFO: Orders updated: 0; Positions updated: 613 (new: 0); Trades processed: 0; Time elapsed: 0:00:01.180063; Sleeps: 0 [in E:\Trading\crypto-futures-dashboard\backend\src\futuresboard\scraper.py:884]
2025-10-17 19:09:25,078 INFO: Saved 3 metrics [in E:\Trading\crypto-futures-dashboard\backend\src\futuresboard\scraper.py:428]
2025-10-17 19:09:25,078 INFO: Auto scrape routines terminated. Sleeping 15 seconds... [in E:\Trading\crypto-futures-dashboard\backend\src\futuresboard\scraper.py:80]
2025-10-17 19:09:40,079 INFO: Auto scrape routines starting [in E:\Trading\crypto-futures-dashboard\backend\src\futuresboard\scraper.py:78]
2025-10-17 19:09:41,728 INFO: Orders updated: 0; Positions updated: 613 (new: 0); Trades processed: 0; Time elapsed: 0:00:01.649611; Sleeps: 0 [in E:\Trading\crypto-futures-dashboard\backend\src\futuresboard\scraper.py:884]
2025-10-17 19:10:02,295 INFO: Saved 3 metrics [in E:\Trading\crypto-futures-dashboard\backend\src\futuresboard\scraper.py:428]
2025-10-17 19:10:02,295 INFO: Auto scrape routines terminated. Sleeping 15 seconds... [in E:\Trading\crypto-futures-dashboard\backend\src\futuresboard\scraper.py:80]
2025-10-17 19:10:17,296 INFO: Auto scrape routines starting [in E:\Trading\crypto-futures-dashboard\backend\src\futuresboard\scraper.py:78]
2025-10-17 19:10:18,744 INFO: Orders updated: 0; Positions updated: 613 (new: 0); Trades processed: 0; Time elapsed: 0:00:01.448224; Sleeps: 0 [in E:\Trading\crypto-futures-dashboard\backend\src\futuresboard\scraper.py:884]
2025-10-17 19:10:24,993 INFO: Saved 3 metrics [in E:\Trading\crypto-futures-dashboard\backend\src\futuresboard\scraper.py:428]
2025-10-17 19:10:24,993 INFO: Auto scrape routines terminated. Sleeping 15 seconds... [in E:\Trading\crypto-futures-dashboard\backend\src\futuresboard\scraper.py:80]
2025-10-17 19:10:39,993 INFO: Auto scrape routines starting [in E:\Trading\crypto-futures-dashboard\backend\src\futuresboard\scraper.py:78]
2025-10-17 19:10:41,195 INFO: Orders updated: 0; Positions updated: 613 (new: 0); Trades processed: 0; Time elapsed: 0:00:01.201036; Sleeps: 0 [in E:\Trading\crypto-futures-dashboard\backend\src\futuresboard\scraper.py:884]
2025-10-17 19:10:56,102 INFO: Saved 3 metrics [in E:\Trading\crypto-futures-dashboard\backend\src\futuresboard\scraper.py:428]
2025-10-17 19:10:56,103 INFO: Auto scrape routines terminated. Sleeping 15 seconds... [in E:\Trading\crypto-futures-dashboard\backend\src\futuresboard\scraper.py:80]
2025-10-17 19:11:11,103 INFO: Auto scrape routines starting [in E:\Trading\crypto-futures-dashboard\backend\src\futuresboard\scraper.py:78]
2025-10-17 19:11:12,551 INFO: Orders updated: 0; Positions updated: 613 (new: 0); Trades processed: 0; Time elapsed: 0:00:01.447546; Sleeps: 0 [in E:\Trading\crypto-futures-dashboard\backend\src\futuresboard\scraper.py:884]
2025-10-17 19:11:18,917 INFO: Saved 3 metrics [in E:\Trading\crypto-futures-dashboard\backend\src\futuresboard\scraper.py:428]
2025-10-17 19:11:18,917 INFO: Auto scrape routines terminated. Sleeping 15 seconds... [in E:\Trading\crypto-futures-dashboard\backend\src\futuresboard\scraper.py:80]
2025-10-17 19:11:33,918 INFO: Auto scrape routines starting [in E:\Trading\crypto-futures-dashboard\backend\src\futuresboard\scraper.py:78]
2025-10-17 19:11:34,960 INFO: Orders updated: 0; Positions updated: 613 (new: 0); Trades processed: 0; Time elapsed: 0:00:01.041390; Sleeps: 0 [in E:\Trading\crypto-futures-dashboard\backend\src\futuresboard\scraper.py:884]
2025-10-17 19:11:38,036 INFO: Saved 3 metrics [in E:\Trading\crypto-futures-dashboard\backend\src\futuresboard\scraper.py:428]
2025-10-17 19:11:38,036 INFO: Auto scrape routines terminated. Sleeping 15 seconds... [in E:\Trading\crypto-futures-dashboard\backend\src\futuresboard\scraper.py:80]
2025-10-17 19:11:53,037 INFO: Auto scrape routines starting [in E:\Trading\crypto-futures-dashboard\backend\src\futuresboard\scraper.py:78]
2025-10-17 19:11:54,127 INFO: Orders updated: 0; Positions updated: 613 (new: 0); Trades processed: 0; Time elapsed: 0:00:01.089107; Sleeps: 0 [in E:\Trading\crypto-futures-dashboard\backend\src\futuresboard\scraper.py:884]
2025-10-17 19:12:14,454 INFO: Saved 3 metrics [in E:\Trading\crypto-futures-dashboard\backend\src\futuresboard\scraper.py:428]
2025-10-17 19:12:14,454 INFO: Auto scrape routines terminated. Sleeping 15 seconds... [in E:\Trading\crypto-futures-dashboard\backend\src\futuresboard\scraper.py:80]
2025-10-17 19:12:29,454 INFO: Auto scrape routines starting [in E:\Trading\crypto-futures-dashboard\backend\src\futuresboard\scraper.py:78]
2025-10-17 19:12:30,695 INFO: Saved 3 metrics [in E:\Trading\crypto-futures-dashboard\backend\src\futuresboard\scraper.py:428]
2025-10-17 19:12:30,695 INFO: Auto scrape routines terminated. Sleeping 15 seconds... [in E:\Trading\crypto-futures-dashboard\backend\src\futuresboard\scraper.py:80]
2025-10-17 19:12:30,697 INFO: Orders updated: 0; Positions updated: 613 (new: 0); Trades processed: 0; Time elapsed: 0:00:01.242533; Sleeps: 0 [in E:\Trading\crypto-futures-dashboard\backend\src\futuresboard\scraper.py:884]
2025-10-17 19:12:45,696 INFO: Auto scrape routines starting [in E:\Trading\crypto-futures-dashboard\backend\src\futuresboard\scraper.py:78]
2025-10-17 19:12:46,854 INFO: Orders updated: 0; Positions updated: 613 (new: 0); Trades processed: 0; Time elapsed: 0:00:01.157758; Sleeps: 0 [in E:\Trading\crypto-futures-dashboard\backend\src\futuresboard\scraper.py:884]
2025-10-17 19:12:57,718 INFO: Saved 3 metrics [in E:\Trading\crypto-futures-dashboard\backend\src\futuresboard\scraper.py:428]
2025-10-17 19:12:57,718 INFO: Auto scrape routines terminated. Sleeping 15 seconds... [in E:\Trading\crypto-futures-dashboard\backend\src\futuresboard\scraper.py:80]
2025-10-17 19:13:10,479 INFO: Saved 3 metrics [in E:\Trading\crypto-futures-dashboard\backend\src\futuresboard\scraper.py:428]
2025-10-17 19:13:10,479 INFO: Auto scrape routines terminated. Sleeping 15 seconds... [in E:\Trading\crypto-futures-dashboard\backend\src\futuresboard\scraper.py:80]
2025-10-17 19:13:12,719 INFO: Auto scrape routines starting [in E:\Trading\crypto-futures-dashboard\backend\src\futuresboard\scraper.py:78]
2025-10-17 19:13:14,339 INFO: Orders updated: 0; Positions updated: 613 (new: 0); Trades processed: 0; Time elapsed: 0:00:01.619891; Sleeps: 0 [in E:\Trading\crypto-futures-dashboard\backend\src\futuresboard\scraper.py:884]
2025-10-17 19:13:25,480 INFO: Auto scrape routines starting [in E:\Trading\crypto-futures-dashboard\backend\src\futuresboard\scraper.py:78]
2025-10-17 19:13:26,777 INFO: Orders updated: 0; Positions updated: 613 (new: 0); Trades processed: 0; Time elapsed: 0:00:01.297260; Sleeps: 0 [in E:\Trading\crypto-futures-dashboard\backend\src\futuresboard\scraper.py:884]
2025-10-17 19:13:38,530 INFO: Saved 3 metrics [in E:\Trading\crypto-futures-dashboard\backend\src\futuresboard\scraper.py:428]
2025-10-17 19:13:38,530 INFO: Auto scrape routines terminated. Sleeping 15 seconds... [in E:\Trading\crypto-futures-dashboard\backend\src\futuresboard\scraper.py:80]
2025-10-17 19:13:49,784 INFO: Saved 3 metrics [in E:\Trading\crypto-futures-dashboard\backend\src\futuresboard\scraper.py:428]
2025-10-17 19:13:49,784 INFO: Auto scrape routines terminated. Sleeping 15 seconds... [in E:\Trading\crypto-futures-dashboard\backend\src\futuresboard\scraper.py:80]
2025-10-17 19:13:53,531 INFO: Auto scrape routines starting [in E:\Trading\crypto-futures-dashboard\backend\src\futuresboard\scraper.py:78]
2025-10-17 19:13:54,659 INFO: Orders updated: 0; Positions updated: 613 (new: 0); Trades processed: 0; Time elapsed: 0:00:01.127924; Sleeps: 0 [in E:\Trading\crypto-futures-dashboard\backend\src\futuresboard\scraper.py:884]
2025-10-17 19:14:04,785 INFO: Auto scrape routines starting [in E:\Trading\crypto-futures-dashboard\backend\src\futuresboard\scraper.py:78]
2025-10-17 19:14:05,973 INFO: Orders updated: 0; Positions updated: 613 (new: 0); Trades processed: 0; Time elapsed: 0:00:01.188221; Sleeps: 0 [in E:\Trading\crypto-futures-dashboard\backend\src\futuresboard\scraper.py:884]
2025-10-17 19:14:30,307 INFO: Saved 3 metrics [in E:\Trading\crypto-futures-dashboard\backend\src\futuresboard\scraper.py:428]
2025-10-17 19:14:30,308 INFO: Auto scrape routines terminated. Sleeping 15 seconds... [in E:\Trading\crypto-futures-dashboard\backend\src\futuresboard\scraper.py:80]
2025-10-17 19:14:31,426 INFO: Saved 3 metrics [in E:\Trading\crypto-futures-dashboard\backend\src\futuresboard\scraper.py:428]
2025-10-17 19:14:31,427 INFO: Auto scrape routines terminated. Sleeping 15 seconds... [in E:\Trading\crypto-futures-dashboard\backend\src\futuresboard\scraper.py:80]
2025-10-17 19:14:45,308 INFO: Auto scrape routines starting [in E:\Trading\crypto-futures-dashboard\backend\src\futuresboard\scraper.py:78]
2025-10-17 19:14:46,427 INFO: Auto scrape routines starting [in E:\Trading\crypto-futures-dashboard\backend\src\futuresboard\scraper.py:78]
2025-10-17 19:14:46,445 INFO: Orders updated: 0; Positions updated: 613 (new: 0); Trades processed: 0; Time elapsed: 0:00:01.136354; Sleeps: 0 [in E:\Trading\crypto-futures-dashboard\backend\src\futuresboard\scraper.py:884]
2025-10-17 19:14:47,582 INFO: Orders updated: 0; Positions updated: 613 (new: 0); Trades processed: 0; Time elapsed: 0:00:01.154945; Sleeps: 0 [in E:\Trading\crypto-futures-dashboard\backend\src\futuresboard\scraper.py:884]
2025-10-17 19:15:18,609 INFO: Saved 3 metrics [in E:\Trading\crypto-futures-dashboard\backend\src\futuresboard\scraper.py:428]
2025-10-17 19:15:18,609 INFO: Auto scrape routines terminated. Sleeping 15 seconds... [in E:\Trading\crypto-futures-dashboard\backend\src\futuresboard\scraper.py:80]
2025-10-17 19:15:25,145 INFO: Saved 3 metrics [in E:\Trading\crypto-futures-dashboard\backend\src\futuresboard\scraper.py:428]
2025-10-17 19:15:25,145 INFO: Auto scrape routines terminated. Sleeping 15 seconds... [in E:\Trading\crypto-futures-dashboard\backend\src\futuresboard\scraper.py:80]
2025-10-17 19:15:33,610 INFO: Auto scrape routines starting [in E:\Trading\crypto-futures-dashboard\backend\src\futuresboard\scraper.py:78]
2025-10-17 19:15:34,743 INFO: Orders updated: 0; Positions updated: 613 (new: 0); Trades processed: 0; Time elapsed: 0:00:01.132985; Sleeps: 0 [in E:\Trading\crypto-futures-dashboard\backend\src\futuresboard\scraper.py:884]
2025-10-17 19:15:40,145 INFO: Auto scrape routines starting [in E:\Trading\crypto-futures-dashboard\backend\src\futuresboard\scraper.py:78]
2025-10-17 19:15:41,461 INFO: Orders updated: 0; Positions updated: 613 (new: 0); Trades processed: 0; Time elapsed: 0:00:01.315775; Sleeps: 0 [in E:\Trading\crypto-futures-dashboard\backend\src\futuresboard\scraper.py:884]
2025-10-17 19:15:57,726 INFO: Saved 3 metrics [in E:\Trading\crypto-futures-dashboard\backend\src\futuresboard\scraper.py:428]
2025-10-17 19:15:57,726 INFO: Auto scrape routines terminated. Sleeping 15 seconds... [in E:\Trading\crypto-futures-dashboard\backend\src\futuresboard\scraper.py:80]
2025-10-17 19:16:12,727 INFO: Auto scrape routines starting [in E:\Trading\crypto-futures-dashboard\backend\src\futuresboard\scraper.py:78]
2025-10-17 19:16:13,855 INFO: Orders updated: 0; Positions updated: 613 (new: 0); Trades processed: 0; Time elapsed: 0:00:01.127605; Sleeps: 0 [in E:\Trading\crypto-futures-dashboard\backend\src\futuresboard\scraper.py:884]
2025-10-17 19:16:18,489 INFO: Saved 3 metrics [in E:\Trading\crypto-futures-dashboard\backend\src\futuresboard\scraper.py:428]
2025-10-17 19:16:18,489 INFO: Auto scrape routines terminated. Sleeping 15 seconds... [in E:\Trading\crypto-futures-dashboard\backend\src\futuresboard\scraper.py:80]
2025-10-17 19:16:33,490 INFO: Auto scrape routines starting [in E:\Trading\crypto-futures-dashboard\backend\src\futuresboard\scraper.py:78]
2025-10-17 19:16:34,531 INFO: Orders updated: 0; Positions updated: 613 (new: 0); Trades processed: 0; Time elapsed: 0:00:01.040870; Sleeps: 0 [in E:\Trading\crypto-futures-dashboard\backend\src\futuresboard\scraper.py:884]
2025-10-17 19:16:48,723 INFO: Saved 3 metrics [in E:\Trading\crypto-futures-dashboard\backend\src\futuresboard\scraper.py:428]
2025-10-17 19:16:48,723 INFO: Auto scrape routines terminated. Sleeping 15 seconds... [in E:\Trading\crypto-futures-dashboard\backend\src\futuresboard\scraper.py:80]
2025-10-17 19:17:03,724 INFO: Auto scrape routines starting [in E:\Trading\crypto-futures-dashboard\backend\src\futuresboard\scraper.py:78]
2025-10-17 19:17:05,489 INFO: Orders updated: 0; Positions updated: 613 (new: 0); Trades processed: 0; Time elapsed: 0:00:01.764888; Sleeps: 0 [in E:\Trading\crypto-futures-dashboard\backend\src\futuresboard\scraper.py:884]
2025-10-17 19:17:08,611 INFO: Saved 3 metrics [in E:\Trading\crypto-futures-dashboard\backend\src\futuresboard\scraper.py:428]
2025-10-17 19:17:08,611 INFO: Auto scrape routines terminated. Sleeping 15 seconds... [in E:\Trading\crypto-futures-dashboard\backend\src\futuresboard\scraper.py:80]
2025-10-17 19:17:23,617 INFO: Auto scrape routines starting [in E:\Trading\crypto-futures-dashboard\backend\src\futuresboard\scraper.py:78]
2025-10-17 19:17:25,443 INFO: Orders updated: 0; Positions updated: 613 (new: 0); Trades processed: 0; Time elapsed: 0:00:01.825730; Sleeps: 0 [in E:\Trading\crypto-futures-dashboard\backend\src\futuresboard\scraper.py:884]
2025-10-17 19:17:34,394 INFO: Saved 3 metrics [in E:\Trading\crypto-futures-dashboard\backend\src\futuresboard\scraper.py:428]
2025-10-17 19:17:34,395 INFO: Auto scrape routines terminated. Sleeping 15 seconds... [in E:\Trading\crypto-futures-dashboard\backend\src\futuresboard\scraper.py:80]
2025-10-17 19:17:49,396 INFO: Auto scrape routines starting [in E:\Trading\crypto-futures-dashboard\backend\src\futuresboard\scraper.py:78]
2025-10-17 19:17:50,512 INFO: Orders updated: 0; Positions updated: 613 (new: 0); Trades processed: 0; Time elapsed: 0:00:01.115555; Sleeps: 0 [in E:\Trading\crypto-futures-dashboard\backend\src\futuresboard\scraper.py:884]
2025-10-17 19:17:52,079 INFO: Saved 3 metrics [in E:\Trading\crypto-futures-dashboard\backend\src\futuresboard\scraper.py:428]
2025-10-17 19:17:52,079 INFO: Auto scrape routines terminated. Sleeping 15 seconds... [in E:\Trading\crypto-futures-dashboard\backend\src\futuresboard\scraper.py:80]
2025-10-17 19:18:07,079 INFO: Auto scrape routines starting [in E:\Trading\crypto-futures-dashboard\backend\src\futuresboard\scraper.py:78]
2025-10-17 19:18:08,324 INFO: Orders updated: 0; Positions updated: 613 (new: 0); Trades processed: 0; Time elapsed: 0:00:01.244961; Sleeps: 0 [in E:\Trading\crypto-futures-dashboard\backend\src\futuresboard\scraper.py:884]
2025-10-17 19:18:15,917 INFO: Saved 3 metrics [in E:\Trading\crypto-futures-dashboard\backend\src\futuresboard\scraper.py:428]
2025-10-17 19:18:15,917 INFO: Auto scrape routines terminated. Sleeping 15 seconds... [in E:\Trading\crypto-futures-dashboard\backend\src\futuresboard\scraper.py:80]
2025-10-17 19:18:30,917 INFO: Auto scrape routines starting [in E:\Trading\crypto-futures-dashboard\backend\src\futuresboard\scraper.py:78]
2025-10-17 19:18:32,038 INFO: Orders updated: 0; Positions updated: 613 (new: 0); Trades processed: 0; Time elapsed: 0:00:01.120727; Sleeps: 0 [in E:\Trading\crypto-futures-dashboard\backend\src\futuresboard\scraper.py:884]
2025-10-17 19:18:33,208 INFO: Saved 3 metrics [in E:\Trading\crypto-futures-dashboard\backend\src\futuresboard\scraper.py:428]
2025-10-17 19:18:33,209 INFO: Auto scrape routines terminated. Sleeping 15 seconds... [in E:\Trading\crypto-futures-dashboard\backend\src\futuresboard\scraper.py:80]
2025-10-17 19:18:48,209 INFO: Auto scrape routines starting [in E:\Trading\crypto-futures-dashboard\backend\src\futuresboard\scraper.py:78]
2025-10-17 19:18:49,518 INFO: Orders updated: 0; Positions updated: 613 (new: 0); Trades processed: 0; Time elapsed: 0:00:01.308846; Sleeps: 0 [in E:\Trading\crypto-futures-dashboard\backend\src\futuresboard\scraper.py:884]
2025-10-17 19:18:57,470 INFO: Saved 3 metrics [in E:\Trading\crypto-futures-dashboard\backend\src\futuresboard\scraper.py:428]
2025-10-17 19:18:57,470 INFO: Auto scrape routines terminated. Sleeping 15 seconds... [in E:\Trading\crypto-futures-dashboard\backend\src\futuresboard\scraper.py:80]
2025-10-17 19:19:12,471 INFO: Auto scrape routines starting [in E:\Trading\crypto-futures-dashboard\backend\src\futuresboard\scraper.py:78]
2025-10-17 19:19:13,620 INFO: Orders updated: 0; Positions updated: 613 (new: 0); Trades processed: 0; Time elapsed: 0:00:01.148643; Sleeps: 0 [in E:\Trading\crypto-futures-dashboard\backend\src\futuresboard\scraper.py:884]
2025-10-17 19:19:14,858 INFO: Saved 3 metrics [in E:\Trading\crypto-futures-dashboard\backend\src\futuresboard\scraper.py:428]
2025-10-17 19:19:14,858 INFO: Auto scrape routines terminated. Sleeping 15 seconds... [in E:\Trading\crypto-futures-dashboard\backend\src\futuresboard\scraper.py:80]
2025-10-17 19:19:29,859 INFO: Auto scrape routines starting [in E:\Trading\crypto-futures-dashboard\backend\src\futuresboard\scraper.py:78]
2025-10-17 19:19:31,051 INFO: Orders updated: 0; Positions updated: 613 (new: 0); Trades processed: 0; Time elapsed: 0:00:01.192367; Sleeps: 0 [in E:\Trading\crypto-futures-dashboard\backend\src\futuresboard\scraper.py:884]
2025-10-17 19:19:37,766 INFO: Saved 3 metrics [in E:\Trading\crypto-futures-dashboard\backend\src\futuresboard\scraper.py:428]
2025-10-17 19:19:37,766 INFO: Auto scrape routines terminated. Sleeping 15 seconds... [in E:\Trading\crypto-futures-dashboard\backend\src\futuresboard\scraper.py:80]
2025-10-17 19:19:52,767 INFO: Auto scrape routines starting [in E:\Trading\crypto-futures-dashboard\backend\src\futuresboard\scraper.py:78]
2025-10-17 19:19:53,969 INFO: Orders updated: 0; Positions updated: 613 (new: 0); Trades processed: 0; Time elapsed: 0:00:01.201517; Sleeps: 0 [in E:\Trading\crypto-futures-dashboard\backend\src\futuresboard\scraper.py:884]
2025-10-17 19:19:54,334 INFO: Saved 3 metrics [in E:\Trading\crypto-futures-dashboard\backend\src\futuresboard\scraper.py:428]
2025-10-17 19:19:54,334 INFO: Auto scrape routines terminated. Sleeping 15 seconds... [in E:\Trading\crypto-futures-dashboard\backend\src\futuresboard\scraper.py:80]
2025-10-17 19:20:09,335 INFO: Auto scrape routines starting [in E:\Trading\crypto-futures-dashboard\backend\src\futuresboard\scraper.py:78]
2025-10-17 19:20:10,516 INFO: Orders updated: 0; Positions updated: 613 (new: 0); Trades processed: 0; Time elapsed: 0:00:01.180186; Sleeps: 0 [in E:\Trading\crypto-futures-dashboard\backend\src\futuresboard\scraper.py:884]
2025-10-17 19:20:31,693 INFO: Saved 3 metrics [in E:\Trading\crypto-futures-dashboard\backend\src\futuresboard\scraper.py:428]
2025-10-17 19:20:31,693 INFO: Auto scrape routines terminated. Sleeping 15 seconds... [in E:\Trading\crypto-futures-dashboard\backend\src\futuresboard\scraper.py:80]
2025-10-17 19:20:46,694 INFO: Auto scrape routines starting [in E:\Trading\crypto-futures-dashboard\backend\src\futuresboard\scraper.py:78]
2025-10-17 19:20:48,102 INFO: Orders updated: 0; Positions updated: 613 (new: 0); Trades processed: 0; Time elapsed: 0:00:01.408409; Sleeps: 0 [in E:\Trading\crypto-futures-dashboard\backend\src\futuresboard\scraper.py:884]
2025-10-17 19:20:52,597 INFO: Saved 3 metrics [in E:\Trading\crypto-futures-dashboard\backend\src\futuresboard\scraper.py:428]
2025-10-17 19:20:52,598 INFO: Auto scrape routines terminated. Sleeping 15 seconds... [in E:\Trading\crypto-futures-dashboard\backend\src\futuresboard\scraper.py:80]
2025-10-17 19:21:07,599 INFO: Auto scrape routines starting [in E:\Trading\crypto-futures-dashboard\backend\src\futuresboard\scraper.py:78]
2025-10-17 19:21:08,958 INFO: Orders updated: 0; Positions updated: 613 (new: 0); Trades processed: 0; Time elapsed: 0:00:01.359093; Sleeps: 0 [in E:\Trading\crypto-futures-dashboard\backend\src\futuresboard\scraper.py:884]
2025-10-17 19:21:29,667 INFO: Saved 3 metrics [in E:\Trading\crypto-futures-dashboard\backend\src\futuresboard\scraper.py:428]
2025-10-17 19:21:29,667 INFO: Auto scrape routines terminated. Sleeping 15 seconds... [in E:\Trading\crypto-futures-dashboard\backend\src\futuresboard\scraper.py:80]
2025-10-17 19:21:39,085 INFO: Saved 3 metrics [in E:\Trading\crypto-futures-dashboard\backend\src\futuresboard\scraper.py:428]
2025-10-17 19:21:39,085 INFO: Auto scrape routines terminated. Sleeping 15 seconds... [in E:\Trading\crypto-futures-dashboard\backend\src\futuresboard\scraper.py:80]
2025-10-17 19:21:44,668 INFO: Auto scrape routines starting [in E:\Trading\crypto-futures-dashboard\backend\src\futuresboard\scraper.py:78]
2025-10-17 19:21:46,033 INFO: Orders updated: 0; Positions updated: 613 (new: 0); Trades processed: 0; Time elapsed: 0:00:01.364793; Sleeps: 0 [in E:\Trading\crypto-futures-dashboard\backend\src\futuresboard\scraper.py:884]
2025-10-17 19:21:54,085 INFO: Auto scrape routines starting [in E:\Trading\crypto-futures-dashboard\backend\src\futuresboard\scraper.py:78]
2025-10-17 19:21:55,268 INFO: Orders updated: 0; Positions updated: 613 (new: 0); Trades processed: 0; Time elapsed: 0:00:01.183085; Sleeps: 0 [in E:\Trading\crypto-futures-dashboard\backend\src\futuresboard\scraper.py:884]
2025-10-17 19:22:13,414 INFO: Saved 3 metrics [in E:\Trading\crypto-futures-dashboard\backend\src\futuresboard\scraper.py:428]
2025-10-17 19:22:13,414 INFO: Auto scrape routines terminated. Sleeping 15 seconds... [in E:\Trading\crypto-futures-dashboard\backend\src\futuresboard\scraper.py:80]
2025-10-17 19:22:25,191 INFO: Saved 3 metrics [in E:\Trading\crypto-futures-dashboard\backend\src\futuresboard\scraper.py:428]
2025-10-17 19:22:25,191 INFO: Auto scrape routines terminated. Sleeping 15 seconds... [in E:\Trading\crypto-futures-dashboard\backend\src\futuresboard\scraper.py:80]
2025-10-17 19:22:28,415 INFO: Auto scrape routines starting [in E:\Trading\crypto-futures-dashboard\backend\src\futuresboard\scraper.py:78]
2025-10-17 19:22:29,792 INFO: Orders updated: 0; Positions updated: 613 (new: 0); Trades processed: 0; Time elapsed: 0:00:01.376907; Sleeps: 0 [in E:\Trading\crypto-futures-dashboard\backend\src\futuresboard\scraper.py:884]
2025-10-17 19:22:40,192 INFO: Auto scrape routines starting [in E:\Trading\crypto-futures-dashboard\backend\src\futuresboard\scraper.py:78]
2025-10-17 19:22:41,593 INFO: Orders updated: 0; Positions updated: 613 (new: 0); Trades processed: 0; Time elapsed: 0:00:01.400710; Sleeps: 0 [in E:\Trading\crypto-futures-dashboard\backend\src\futuresboard\scraper.py:884]
2025-10-17 19:22:57,174 INFO: Saved 3 metrics [in E:\Trading\crypto-futures-dashboard\backend\src\futuresboard\scraper.py:428]
2025-10-17 19:22:57,175 INFO: Auto scrape routines terminated. Sleeping 15 seconds... [in E:\Trading\crypto-futures-dashboard\backend\src\futuresboard\scraper.py:80]
2025-10-17 19:23:11,213 INFO: Saved 3 metrics [in E:\Trading\crypto-futures-dashboard\backend\src\futuresboard\scraper.py:428]
2025-10-17 19:23:11,213 INFO: Auto scrape routines terminated. Sleeping 15 seconds... [in E:\Trading\crypto-futures-dashboard\backend\src\futuresboard\scraper.py:80]
2025-10-17 19:23:12,175 INFO: Auto scrape routines starting [in E:\Trading\crypto-futures-dashboard\backend\src\futuresboard\scraper.py:78]
2025-10-17 19:23:13,640 INFO: Orders updated: 0; Positions updated: 613 (new: 0); Trades processed: 0; Time elapsed: 0:00:01.465495; Sleeps: 0 [in E:\Trading\crypto-futures-dashboard\backend\src\futuresboard\scraper.py:884]
2025-10-17 19:23:20,627 INFO: Emit thread started [in E:\Trading\crypto-futures-dashboard\backend\src\futuresboard\scraper.py:74]
2025-10-17 19:23:20,627 INFO: Auto scrape routines starting [in E:\Trading\crypto-futures-dashboard\backend\src\futuresboard\scraper.py:78]
2025-10-17 19:23:22,033 INFO: Orders updated: 0; Positions updated: 613 (new: 0); Trades processed: 0; Time elapsed: 0:00:01.405446; Sleeps: 0 [in E:\Trading\crypto-futures-dashboard\backend\src\futuresboard\scraper.py:884]
2025-10-17 19:23:41,474 INFO: Saved 3 metrics [in E:\Trading\crypto-futures-dashboard\backend\src\futuresboard\scraper.py:428]
2025-10-17 19:23:41,474 INFO: Auto scrape routines terminated. Sleeping 15 seconds... [in E:\Trading\crypto-futures-dashboard\backend\src\futuresboard\scraper.py:80]
2025-10-17 19:23:56,479 INFO: Auto scrape routines starting [in E:\Trading\crypto-futures-dashboard\backend\src\futuresboard\scraper.py:78]
2025-10-17 19:23:57,681 INFO: Orders updated: 0; Positions updated: 613 (new: 0); Trades processed: 0; Time elapsed: 0:00:01.201532; Sleeps: 0 [in E:\Trading\crypto-futures-dashboard\backend\src\futuresboard\scraper.py:884]
2025-10-17 19:23:57,759 INFO: Saved 3 metrics [in E:\Trading\crypto-futures-dashboard\backend\src\futuresboard\scraper.py:428]
2025-10-17 19:23:57,759 INFO: Auto scrape routines terminated. Sleeping 15 seconds... [in E:\Trading\crypto-futures-dashboard\backend\src\futuresboard\scraper.py:80]
2025-10-17 19:24:09,865 INFO: Emit thread started [in E:\Trading\crypto-futures-dashboard\backend\src\futuresboard\scraper.py:74]
2025-10-17 19:24:09,866 INFO: Auto scrape routines starting [in E:\Trading\crypto-futures-dashboard\backend\src\futuresboard\scraper.py:78]
2025-10-17 19:24:11,094 INFO: Orders updated: 0; Positions updated: 613 (new: 0); Trades processed: 0; Time elapsed: 0:00:01.228631; Sleeps: 0 [in E:\Trading\crypto-futures-dashboard\backend\src\futuresboard\scraper.py:884]
2025-10-17 19:24:21,326 INFO: Saved 3 metrics [in E:\Trading\crypto-futures-dashboard\backend\src\futuresboard\scraper.py:428]
2025-10-17 19:24:21,326 INFO: Auto scrape routines terminated. Sleeping 15 seconds... [in E:\Trading\crypto-futures-dashboard\backend\src\futuresboard\scraper.py:80]
2025-10-17 19:24:33,332 INFO: Saved 3 metrics [in E:\Trading\crypto-futures-dashboard\backend\src\futuresboard\scraper.py:428]
2025-10-17 19:24:33,332 INFO: Auto scrape routines terminated. Sleeping 15 seconds... [in E:\Trading\crypto-futures-dashboard\backend\src\futuresboard\scraper.py:80]
2025-10-17 19:24:36,327 INFO: Auto scrape routines starting [in E:\Trading\crypto-futures-dashboard\backend\src\futuresboard\scraper.py:78]
2025-10-17 19:24:37,596 INFO: Orders updated: 0; Positions updated: 613 (new: 0); Trades processed: 0; Time elapsed: 0:00:01.269050; Sleeps: 0 [in E:\Trading\crypto-futures-dashboard\backend\src\futuresboard\scraper.py:884]
2025-10-17 19:24:48,333 INFO: Auto scrape routines starting [in E:\Trading\crypto-futures-dashboard\backend\src\futuresboard\scraper.py:78]
2025-10-17 19:24:49,462 INFO: Orders updated: 0; Positions updated: 613 (new: 0); Trades processed: 0; Time elapsed: 0:00:01.128675; Sleeps: 0 [in E:\Trading\crypto-futures-dashboard\backend\src\futuresboard\scraper.py:884]
2025-10-17 19:25:11,900 INFO: Saved 3 metrics [in E:\Trading\crypto-futures-dashboard\backend\src\futuresboard\scraper.py:428]
2025-10-17 19:25:11,900 INFO: Auto scrape routines terminated. Sleeping 15 seconds... [in E:\Trading\crypto-futures-dashboard\backend\src\futuresboard\scraper.py:80]
2025-10-17 19:25:21,353 INFO: Saved 3 metrics [in E:\Trading\crypto-futures-dashboard\backend\src\futuresboard\scraper.py:428]
2025-10-17 19:25:21,353 INFO: Auto scrape routines terminated. Sleeping 15 seconds... [in E:\Trading\crypto-futures-dashboard\backend\src\futuresboard\scraper.py:80]
2025-10-17 19:25:26,901 INFO: Auto scrape routines starting [in E:\Trading\crypto-futures-dashboard\backend\src\futuresboard\scraper.py:78]
2025-10-17 19:25:27,993 INFO: Orders updated: 0; Positions updated: 613 (new: 0); Trades processed: 0; Time elapsed: 0:00:01.092022; Sleeps: 0 [in E:\Trading\crypto-futures-dashboard\backend\src\futuresboard\scraper.py:884]
2025-10-17 19:25:29,876 INFO: Emit thread started [in E:\Trading\crypto-futures-dashboard\backend\src\futuresboard\scraper.py:74]
2025-10-17 19:25:29,876 INFO: Auto scrape routines starting [in E:\Trading\crypto-futures-dashboard\backend\src\futuresboard\scraper.py:78]
2025-10-17 19:25:30,963 INFO: Orders updated: 0; Positions updated: 613 (new: 0); Trades processed: 0; Time elapsed: 0:00:01.086375; Sleeps: 0 [in E:\Trading\crypto-futures-dashboard\backend\src\futuresboard\scraper.py:884]
2025-10-17 19:25:44,234 INFO: Saved 1 metrics [in E:\Trading\crypto-futures-dashboard\backend\src\futuresboard\scraper.py:428]
2025-10-17 19:25:44,234 INFO: Auto scrape routines terminated. Sleeping 15 seconds... [in E:\Trading\crypto-futures-dashboard\backend\src\futuresboard\scraper.py:80]
2025-10-17 19:25:48,507 INFO: Emit thread started [in E:\Trading\crypto-futures-dashboard\backend\src\futuresboard\scraper.py:74]
2025-10-17 19:25:48,508 INFO: Auto scrape routines starting [in E:\Trading\crypto-futures-dashboard\backend\src\futuresboard\scraper.py:78]
2025-10-17 19:25:49,698 INFO: Orders updated: 0; Positions updated: 614 (new: 0); Trades processed: 0; Time elapsed: 0:00:01.190337; Sleeps: 0 [in E:\Trading\crypto-futures-dashboard\backend\src\futuresboard\scraper.py:884]
2025-10-17 19:25:57,638 INFO: Saved 3 metrics [in E:\Trading\crypto-futures-dashboard\backend\src\futuresboard\scraper.py:428]
2025-10-17 19:25:57,638 INFO: Auto scrape routines terminated. Sleeping 15 seconds... [in E:\Trading\crypto-futures-dashboard\backend\src\futuresboard\scraper.py:80]
2025-10-17 19:26:11,578 INFO: Saved 3 metrics [in E:\Trading\crypto-futures-dashboard\backend\src\futuresboard\scraper.py:428]
2025-10-17 19:26:11,578 INFO: Auto scrape routines terminated. Sleeping 15 seconds... [in E:\Trading\crypto-futures-dashboard\backend\src\futuresboard\scraper.py:80]
2025-10-17 19:26:12,638 INFO: Auto scrape routines starting [in E:\Trading\crypto-futures-dashboard\backend\src\futuresboard\scraper.py:78]
2025-10-17 19:26:13,696 INFO: Orders updated: 0; Positions updated: 614 (new: 0); Trades processed: 0; Time elapsed: 0:00:01.057416; Sleeps: 0 [in E:\Trading\crypto-futures-dashboard\backend\src\futuresboard\scraper.py:884]
2025-10-17 19:26:26,579 INFO: Auto scrape routines starting [in E:\Trading\crypto-futures-dashboard\backend\src\futuresboard\scraper.py:78]
2025-10-17 19:26:27,690 INFO: Orders updated: 0; Positions updated: 615 (new: 0); Trades processed: 0; Time elapsed: 0:00:01.110826; Sleeps: 0 [in E:\Trading\crypto-futures-dashboard\backend\src\futuresboard\scraper.py:884]
2025-10-17 19:26:36,102 INFO: Saved 3 metrics [in E:\Trading\crypto-futures-dashboard\backend\src\futuresboard\scraper.py:428]
2025-10-17 19:26:36,102 INFO: Auto scrape routines terminated. Sleeping 15 seconds... [in E:\Trading\crypto-futures-dashboard\backend\src\futuresboard\scraper.py:80]
2025-10-17 19:26:51,102 INFO: Auto scrape routines starting [in E:\Trading\crypto-futures-dashboard\backend\src\futuresboard\scraper.py:78]
2025-10-17 19:26:52,245 INFO: Orders updated: 0; Positions updated: 615 (new: 0); Trades processed: 0; Time elapsed: 0:00:01.142634; Sleeps: 0 [in E:\Trading\crypto-futures-dashboard\backend\src\futuresboard\scraper.py:884]
2025-10-17 19:27:02,840 INFO: Saved 3 metrics [in E:\Trading\crypto-futures-dashboard\backend\src\futuresboard\scraper.py:428]
2025-10-17 19:27:02,840 INFO: Auto scrape routines terminated. Sleeping 15 seconds... [in E:\Trading\crypto-futures-dashboard\backend\src\futuresboard\scraper.py:80]
2025-10-17 19:27:17,852 INFO: Auto scrape routines starting [in E:\Trading\crypto-futures-dashboard\backend\src\futuresboard\scraper.py:78]
2025-10-17 19:27:18,941 INFO: Orders updated: 0; Positions updated: 615 (new: 0); Trades processed: 0; Time elapsed: 0:00:01.088490; Sleeps: 0 [in E:\Trading\crypto-futures-dashboard\backend\src\futuresboard\scraper.py:884]
2025-10-17 19:27:23,207 INFO: Saved 3 metrics [in E:\Trading\crypto-futures-dashboard\backend\src\futuresboard\scraper.py:428]
2025-10-17 19:27:23,207 INFO: Auto scrape routines terminated. Sleeping 15 seconds... [in E:\Trading\crypto-futures-dashboard\backend\src\futuresboard\scraper.py:80]
2025-10-17 19:27:38,208 INFO: Auto scrape routines starting [in E:\Trading\crypto-futures-dashboard\backend\src\futuresboard\scraper.py:78]
2025-10-17 19:27:39,303 INFO: Orders updated: 0; Positions updated: 615 (new: 0); Trades processed: 0; Time elapsed: 0:00:01.095070; Sleeps: 0 [in E:\Trading\crypto-futures-dashboard\backend\src\futuresboard\scraper.py:884]
2025-10-17 19:27:55,578 INFO: Saved 3 metrics [in E:\Trading\crypto-futures-dashboard\backend\src\futuresboard\scraper.py:428]
2025-10-17 19:27:55,578 INFO: Auto scrape routines terminated. Sleeping 15 seconds... [in E:\Trading\crypto-futures-dashboard\backend\src\futuresboard\scraper.py:80]
2025-10-17 19:28:03,085 INFO: Saved 3 metrics [in E:\Trading\crypto-futures-dashboard\backend\src\futuresboard\scraper.py:428]
2025-10-17 19:28:03,086 INFO: Auto scrape routines terminated. Sleeping 15 seconds... [in E:\Trading\crypto-futures-dashboard\backend\src\futuresboard\scraper.py:80]
2025-10-17 19:28:10,579 INFO: Auto scrape routines starting [in E:\Trading\crypto-futures-dashboard\backend\src\futuresboard\scraper.py:78]
2025-10-17 19:28:11,696 INFO: Orders updated: 0; Positions updated: 615 (new: 0); Trades processed: 0; Time elapsed: 0:00:01.116776; Sleeps: 0 [in E:\Trading\crypto-futures-dashboard\backend\src\futuresboard\scraper.py:884]
2025-10-17 19:28:18,086 INFO: Auto scrape routines starting [in E:\Trading\crypto-futures-dashboard\backend\src\futuresboard\scraper.py:78]
2025-10-17 19:28:19,309 INFO: Orders updated: 0; Positions updated: 615 (new: 0); Trades processed: 0; Time elapsed: 0:00:01.223239; Sleeps: 0 [in E:\Trading\crypto-futures-dashboard\backend\src\futuresboard\scraper.py:884]
2025-10-17 19:28:25,710 INFO: Emit thread started [in E:\Trading\crypto-futures-dashboard\backend\src\futuresboard\scraper.py:74]
2025-10-17 19:28:25,711 INFO: Auto scrape routines starting [in E:\Trading\crypto-futures-dashboard\backend\src\futuresboard\scraper.py:78]
2025-10-17 19:28:26,830 INFO: Orders updated: 0; Positions updated: 615 (new: 0); Trades processed: 0; Time elapsed: 0:00:01.119559; Sleeps: 0 [in E:\Trading\crypto-futures-dashboard\backend\src\futuresboard\scraper.py:884]
2025-10-17 19:28:42,717 INFO: Saved 3 metrics [in E:\Trading\crypto-futures-dashboard\backend\src\futuresboard\scraper.py:428]
2025-10-17 19:28:42,717 INFO: Auto scrape routines terminated. Sleeping 15 seconds... [in E:\Trading\crypto-futures-dashboard\backend\src\futuresboard\scraper.py:80]
2025-10-17 19:28:57,718 INFO: Auto scrape routines starting [in E:\Trading\crypto-futures-dashboard\backend\src\futuresboard\scraper.py:78]
2025-10-17 19:28:58,802 INFO: Orders updated: 0; Positions updated: 615 (new: 0); Trades processed: 0; Time elapsed: 0:00:01.084497; Sleeps: 0 [in E:\Trading\crypto-futures-dashboard\backend\src\futuresboard\scraper.py:884]
2025-10-17 19:29:35,229 INFO: Saved 3 metrics [in E:\Trading\crypto-futures-dashboard\backend\src\futuresboard\scraper.py:428]
2025-10-17 19:29:35,229 INFO: Auto scrape routines terminated. Sleeping 15 seconds... [in E:\Trading\crypto-futures-dashboard\backend\src\futuresboard\scraper.py:80]
2025-10-17 19:29:50,230 INFO: Auto scrape routines starting [in E:\Trading\crypto-futures-dashboard\backend\src\futuresboard\scraper.py:78]
2025-10-17 19:29:51,359 INFO: Orders updated: 0; Positions updated: 615 (new: 0); Trades processed: 0; Time elapsed: 0:00:01.128780; Sleeps: 0 [in E:\Trading\crypto-futures-dashboard\backend\src\futuresboard\scraper.py:884]
2025-10-17 19:31:31,974 INFO: Emit thread started [in E:\Trading\crypto-futures-dashboard\backend\src\futuresboard\scraper.py:77]
2025-10-17 19:31:31,974 INFO: Auto scrape routines starting [in E:\Trading\crypto-futures-dashboard\backend\src\futuresboard\scraper.py:81]
2025-10-17 19:31:33,257 INFO: Orders updated: 0; Positions updated: 615 (new: 0); Trades processed: 0; Time elapsed: 0:00:01.282850; Sleeps: 0 [in E:\Trading\crypto-futures-dashboard\backend\src\futuresboard\scraper.py:887]
2025-10-17 19:31:34,359 INFO: Emit thread started [in E:\Trading\crypto-futures-dashboard\backend\src\futuresboard\scraper.py:77]
2025-10-17 19:31:34,359 INFO: Auto scrape routines starting [in E:\Trading\crypto-futures-dashboard\backend\src\futuresboard\scraper.py:81]
2025-10-17 19:31:35,485 INFO: Orders updated: 0; Positions updated: 615 (new: 0); Trades processed: 0; Time elapsed: 0:00:01.126079; Sleeps: 0 [in E:\Trading\crypto-futures-dashboard\backend\src\futuresboard\scraper.py:887]
2025-10-17 19:33:48,517 INFO: Saved 19 metrics [in E:\Trading\crypto-futures-dashboard\backend\src\futuresboard\scraper.py:431]
2025-10-17 19:33:48,517 INFO: Auto scrape routines terminated. Sleeping 15 seconds... [in E:\Trading\crypto-futures-dashboard\backend\src\futuresboard\scraper.py:83]
2025-10-17 19:33:53,933 INFO: Saved 19 metrics [in E:\Trading\crypto-futures-dashboard\backend\src\futuresboard\scraper.py:431]
2025-10-17 19:33:53,933 INFO: Auto scrape routines terminated. Sleeping 15 seconds... [in E:\Trading\crypto-futures-dashboard\backend\src\futuresboard\scraper.py:83]
2025-10-17 19:34:03,517 INFO: Auto scrape routines starting [in E:\Trading\crypto-futures-dashboard\backend\src\futuresboard\scraper.py:81]
2025-10-17 19:34:04,612 INFO: Orders updated: 0; Positions updated: 615 (new: 0); Trades processed: 0; Time elapsed: 0:00:01.095085; Sleeps: 0 [in E:\Trading\crypto-futures-dashboard\backend\src\futuresboard\scraper.py:887]
2025-10-17 19:34:08,933 INFO: Auto scrape routines starting [in E:\Trading\crypto-futures-dashboard\backend\src\futuresboard\scraper.py:81]
2025-10-17 19:34:10,147 INFO: Orders updated: 0; Positions updated: 615 (new: 0); Trades processed: 0; Time elapsed: 0:00:01.213163; Sleeps: 0 [in E:\Trading\crypto-futures-dashboard\backend\src\futuresboard\scraper.py:887]
2025-10-17 19:37:06,967 INFO: Saved 19 metrics [in E:\Trading\crypto-futures-dashboard\backend\src\futuresboard\scraper.py:431]
2025-10-17 19:37:06,967 INFO: Auto scrape routines terminated. Sleeping 15 seconds... [in E:\Trading\crypto-futures-dashboard\backend\src\futuresboard\scraper.py:83]
2025-10-17 19:37:14,260 INFO: Saved 19 metrics [in E:\Trading\crypto-futures-dashboard\backend\src\futuresboard\scraper.py:431]
2025-10-17 19:37:14,260 INFO: Auto scrape routines terminated. Sleeping 15 seconds... [in E:\Trading\crypto-futures-dashboard\backend\src\futuresboard\scraper.py:83]
2025-10-17 19:37:21,968 INFO: Auto scrape routines starting [in E:\Trading\crypto-futures-dashboard\backend\src\futuresboard\scraper.py:81]
2025-10-17 19:37:23,311 INFO: Orders updated: 0; Positions updated: 615 (new: 0); Trades processed: 0; Time elapsed: 0:00:01.343594; Sleeps: 0 [in E:\Trading\crypto-futures-dashboard\backend\src\futuresboard\scraper.py:887]
2025-10-17 19:37:29,261 INFO: Auto scrape routines starting [in E:\Trading\crypto-futures-dashboard\backend\src\futuresboard\scraper.py:81]
2025-10-17 19:37:30,965 INFO: Orders updated: 0; Positions updated: 615 (new: 0); Trades processed: 0; Time elapsed: 0:00:01.703947; Sleeps: 0 [in E:\Trading\crypto-futures-dashboard\backend\src\futuresboard\scraper.py:887]
2025-10-17 19:43:48,572 INFO: Emit thread started [in E:\Trading\crypto-futures-dashboard\backend\src\futuresboard\scraper.py:77]
2025-10-17 19:43:48,573 INFO: Auto scrape routines starting [in E:\Trading\crypto-futures-dashboard\backend\src\futuresboard\scraper.py:81]
2025-10-17 19:43:49,695 INFO: Orders updated: 0; Positions updated: 615 (new: 0); Trades processed: 0; Time elapsed: 0:00:01.122049; Sleeps: 0 [in E:\Trading\crypto-futures-dashboard\backend\src\futuresboard\scraper.py:887]
2025-10-17 19:43:50,916 INFO: Emit thread started [in E:\Trading\crypto-futures-dashboard\backend\src\futuresboard\scraper.py:77]
2025-10-17 19:43:50,916 INFO: Auto scrape routines starting [in E:\Trading\crypto-futures-dashboard\backend\src\futuresboard\scraper.py:81]
2025-10-17 19:43:52,148 INFO: Orders updated: 0; Positions updated: 615 (new: 0); Trades processed: 0; Time elapsed: 0:00:01.232026; Sleeps: 0 [in E:\Trading\crypto-futures-dashboard\backend\src\futuresboard\scraper.py:887]
2025-10-17 19:50:53,822 INFO: Emit thread started [in E:\Trading\crypto-futures-dashboard\backend\src\futuresboard\scraper.py:77]
2025-10-17 19:50:53,822 INFO: Auto scrape routines starting [in E:\Trading\crypto-futures-dashboard\backend\src\futuresboard\scraper.py:81]
2025-10-17 19:50:54,972 INFO: Orders updated: 0; Positions updated: 615 (new: 0); Trades processed: 0; Time elapsed: 0:00:01.149299; Sleeps: 0 [in E:\Trading\crypto-futures-dashboard\backend\src\futuresboard\scraper.py:887]
2025-10-17 19:50:56,305 INFO: Emit thread started [in E:\Trading\crypto-futures-dashboard\backend\src\futuresboard\scraper.py:77]
2025-10-17 19:50:56,306 INFO: Auto scrape routines starting [in E:\Trading\crypto-futures-dashboard\backend\src\futuresboard\scraper.py:81]
2025-10-17 19:50:57,479 INFO: Orders updated: 0; Positions updated: 615 (new: 0); Trades processed: 0; Time elapsed: 0:00:01.173079; Sleeps: 0 [in E:\Trading\crypto-futures-dashboard\backend\src\futuresboard\scraper.py:887]
2025-10-17 19:51:42,189 INFO: Emit thread started [in E:\Trading\crypto-futures-dashboard\backend\src\futuresboard\scraper.py:77]
2025-10-17 19:51:42,189 INFO: Auto scrape routines starting [in E:\Trading\crypto-futures-dashboard\backend\src\futuresboard\scraper.py:81]
2025-10-17 19:51:43,915 INFO: Orders updated: 0; Positions updated: 615 (new: 0); Trades processed: 0; Time elapsed: 0:00:01.725683; Sleeps: 0 [in E:\Trading\crypto-futures-dashboard\backend\src\futuresboard\scraper.py:887]
2025-10-17 19:57:06,269 INFO: Saved 0 metrics [in E:\Trading\crypto-futures-dashboard\backend\src\futuresboard\scraper.py:431]
2025-10-17 19:57:06,269 INFO: Auto scrape routines terminated. Sleeping 15 seconds... [in E:\Trading\crypto-futures-dashboard\backend\src\futuresboard\scraper.py:83]
2025-10-17 19:57:21,269 INFO: Auto scrape routines starting [in E:\Trading\crypto-futures-dashboard\backend\src\futuresboard\scraper.py:81]
2025-10-17 19:57:22,876 INFO: Orders updated: 0; Positions updated: 615 (new: 0); Trades processed: 0; Time elapsed: 0:00:01.607323; Sleeps: 0 [in E:\Trading\crypto-futures-dashboard\backend\src\futuresboard\scraper.py:887]
2025-10-17 19:59:05,259 INFO: Emit thread started [in E:\Trading\crypto-futures-dashboard\backend\src\futuresboard\scraper.py:77]
2025-10-17 19:59:05,259 INFO: Auto scrape routines starting [in E:\Trading\crypto-futures-dashboard\backend\src\futuresboard\scraper.py:81]
2025-10-17 19:59:06,366 INFO: Orders updated: 0; Positions updated: 615 (new: 0); Trades processed: 0; Time elapsed: 0:00:01.107180; Sleeps: 0 [in E:\Trading\crypto-futures-dashboard\backend\src\futuresboard\scraper.py:887]
2025-10-17 20:02:20,534 INFO: Emit thread started [in E:\Trading\crypto-futures-dashboard\backend\src\futuresboard\scraper.py:77]
2025-10-17 20:02:20,534 INFO: Auto scrape routines starting [in E:\Trading\crypto-futures-dashboard\backend\src\futuresboard\scraper.py:81]
2025-10-17 20:02:21,724 INFO: Orders updated: 0; Positions updated: 615 (new: 0); Trades processed: 0; Time elapsed: 0:00:01.189110; Sleeps: 0 [in E:\Trading\crypto-futures-dashboard\backend\src\futuresboard\scraper.py:887]
2025-10-17 20:02:27,661 INFO: Emit thread started [in E:\Trading\crypto-futures-dashboard\backend\src\futuresboard\scraper.py:77]
2025-10-17 20:02:27,661 INFO: Auto scrape routines starting [in E:\Trading\crypto-futures-dashboard\backend\src\futuresboard\scraper.py:81]
2025-10-17 20:02:28,734 INFO: Orders updated: 0; Positions updated: 615 (new: 0); Trades processed: 0; Time elapsed: 0:00:01.072619; Sleeps: 0 [in E:\Trading\crypto-futures-dashboard\backend\src\futuresboard\scraper.py:887]
2025-10-17 20:16:30,800 INFO: Emit thread started [in E:\Trading\crypto-futures-dashboard\backend\src\futuresboard\scraper.py:77]
2025-10-17 20:16:30,801 INFO: Auto scrape routines starting [in E:\Trading\crypto-futures-dashboard\backend\src\futuresboard\scraper.py:81]
2025-10-17 20:16:31,971 INFO: Orders updated: 0; Positions updated: 615 (new: 0); Trades processed: 0; Time elapsed: 0:00:01.170033; Sleeps: 0 [in E:\Trading\crypto-futures-dashboard\backend\src\futuresboard\scraper.py:887]
2025-10-17 20:16:33,142 INFO: Emit thread started [in E:\Trading\crypto-futures-dashboard\backend\src\futuresboard\scraper.py:77]
2025-10-17 20:16:33,142 INFO: Auto scrape routines starting [in E:\Trading\crypto-futures-dashboard\backend\src\futuresboard\scraper.py:81]
2025-10-17 20:16:34,326 INFO: Orders updated: 0; Positions updated: 615 (new: 0); Trades processed: 0; Time elapsed: 0:00:01.184137; Sleeps: 0 [in E:\Trading\crypto-futures-dashboard\backend\src\futuresboard\scraper.py:887]
2025-10-17 20:37:24,259 INFO: Emit thread started [in E:\Trading\crypto-futures-dashboard\backend\src\futuresboard\scraper.py:77]
2025-10-17 20:37:24,259 INFO: Auto scrape routines starting [in E:\Trading\crypto-futures-dashboard\backend\src\futuresboard\scraper.py:81]
2025-10-17 20:37:25,372 INFO: Orders updated: 0; Positions updated: 615 (new: 0); Trades processed: 0; Time elapsed: 0:00:01.112703; Sleeps: 0 [in E:\Trading\crypto-futures-dashboard\backend\src\futuresboard\scraper.py:887]
2025-10-17 20:37:26,651 INFO: Emit thread started [in E:\Trading\crypto-futures-dashboard\backend\src\futuresboard\scraper.py:77]
2025-10-17 20:37:26,651 INFO: Auto scrape routines starting [in E:\Trading\crypto-futures-dashboard\backend\src\futuresboard\scraper.py:81]
2025-10-17 20:37:27,920 INFO: Orders updated: 0; Positions updated: 615 (new: 0); Trades processed: 0; Time elapsed: 0:00:01.269309; Sleeps: 0 [in E:\Trading\crypto-futures-dashboard\backend\src\futuresboard\scraper.py:887]
2025-10-17 20:43:37,282 INFO: Saved 0 metrics [in E:\Trading\crypto-futures-dashboard\backend\src\futuresboard\scraper.py:431]
2025-10-17 20:43:37,282 INFO: Auto scrape routines terminated. Sleeping 15 seconds... [in E:\Trading\crypto-futures-dashboard\backend\src\futuresboard\scraper.py:83]
2025-10-17 20:43:52,290 INFO: Auto scrape routines starting [in E:\Trading\crypto-futures-dashboard\backend\src\futuresboard\scraper.py:81]
2025-10-17 20:43:53,415 INFO: Orders updated: 0; Positions updated: 615 (new: 0); Trades processed: 0; Time elapsed: 0:00:01.124094; Sleeps: 0 [in E:\Trading\crypto-futures-dashboard\backend\src\futuresboard\scraper.py:887]
2025-10-17 20:45:08,100 INFO: Emit thread started [in E:\Trading\crypto-futures-dashboard\backend\src\futuresboard\scraper.py:77]
2025-10-17 20:45:08,101 INFO: Auto scrape routines starting [in E:\Trading\crypto-futures-dashboard\backend\src\futuresboard\scraper.py:81]
2025-10-17 20:45:09,246 INFO: Orders updated: 0; Positions updated: 615 (new: 0); Trades processed: 0; Time elapsed: 0:00:01.145026; Sleeps: 0 [in E:\Trading\crypto-futures-dashboard\backend\src\futuresboard\scraper.py:887]
2025-10-17 20:45:10,356 INFO: Emit thread started [in E:\Trading\crypto-futures-dashboard\backend\src\futuresboard\scraper.py:77]
2025-10-17 20:45:10,356 INFO: Auto scrape routines starting [in E:\Trading\crypto-futures-dashboard\backend\src\futuresboard\scraper.py:81]
2025-10-17 20:45:11,425 INFO: Orders updated: 0; Positions updated: 615 (new: 0); Trades processed: 0; Time elapsed: 0:00:01.068292; Sleeps: 0 [in E:\Trading\crypto-futures-dashboard\backend\src\futuresboard\scraper.py:887]
